#
# There is insufficient memory for the Java Runtime Environment to continue.
# Native memory allocation (malloc) failed to allocate 280416 bytes for Chunk::new
# Possible reasons:
#   The system is out of physical RAM or swap space
#   The process is running with CompressedOops enabled, and the Java Heap may be blocking the growth of the native heap
# Possible solutions:
#   Reduce memory load on the system
#   Increase physical memory or swap space
#   Check if swap backing store is full
#   Decrease Java heap size (-Xmx/-Xms)
#   Decrease number of Java threads
#   Decrease Java thread stack sizes (-Xss)
#   Set larger code cache with -XX:ReservedCodeCacheSize=
#   JVM is running with Unscaled Compressed Oops mode in which the Java heap is
#     placed in the first 4GB address space. The Java Heap base address is the
#     maximum limit for the native heap growth. Please use -XX:HeapBaseMinAddress
#     to set the Java Heap base and to place the Java Heap above 4GB virtual address.
# This output file may be truncated or incomplete.
#
#  Out of Memory Error (arena.cpp:191), pid=15768, tid=2652
#
# JRE version: OpenJDK Runtime Environment (17.0.9) (build 17.0.9+0--11185874)
# Java VM: OpenJDK 64-Bit Server VM (17.0.9+0--11185874, mixed mode, tiered, compressed oops, compressed class ptrs, g1 gc, windows-amd64)
# No core dump will be written. Minidumps are not enabled by default on client versions of Windows
#

---------------  S U M M A R Y ------------

Command Line: org.jetbrains.kotlin.cli.jvm.K2JVMCompiler @C:\Users\susli\AndroidStudioProjects\EnglishTest2\app\build\20240402_8669807664688306299.compiler.options

Host: AMD Ryzen 5 3500U with Radeon Vega Mobile Gfx  , 8 cores, 6G,  Windows 11 , 64 bit Build 22621 (10.0.22621.3235)
Time: Tue Apr  2 15:26:04 2024 RTZ 3 (s 11 , 64 bit Build 22621 (10.0.22621.3235) elapsed time: 0.733080 seconds (0d 0h 0m 0s)

---------------  T H R E A D  ---------------

Current thread (0x0000023372a1a010):  JavaThread "C2 CompilerThread0" daemon [_thread_in_native, id=2652, stack(0x00000040f2b00000,0x00000040f2c00000)]


Current CompileTask:
C2:    733  724   !   4       java.util.zip.ZipFile::getEntry (59 bytes)

Stack: [0x00000040f2b00000,0x00000040f2c00000]
Native frames: (J=compiled Java code, j=interpreted, Vv=VM code, C=native code)
V  [jvm.dll+0x6886e9]
V  [jvm.dll+0x841e4a]
V  [jvm.dll+0x843a8e]
V  [jvm.dll+0x8440f3]
V  [jvm.dll+0x24c14f]
V  [jvm.dll+0xac44c]
V  [jvm.dll+0xaca9c]
V  [jvm.dll+0x2b376f]
V  [jvm.dll+0x590767]
V  [jvm.dll+0x226762]
V  [jvm.dll+0x226b4f]
V  [jvm.dll+0x21fc76]
V  [jvm.dll+0x21d0c1]
V  [jvm.dll+0x1a674d]
V  [jvm.dll+0x22d088]
V  [jvm.dll+0x22b1c0]
V  [jvm.dll+0x7f62f7]
V  [jvm.dll+0x7f06aa]
V  [jvm.dll+0x687565]
C  [ucrtbase.dll+0x29363]
C  [KERNEL32.DLL+0x1257d]
C  [ntdll.dll+0x5aa58]


---------------  P R O C E S S  ---------------

Threads class SMR info:
_java_thread_list=0x0000023372b87620, length=12, elements={
0x0000023359328e90, 0x00000233727902e0, 0x0000023372791900, 0x00000233729f9080,
0x00000233729f9a50, 0x00000233729fc830, 0x00000233729fd8a0, 0x0000023372a1a010,
0x0000023372a1d180, 0x0000023372a334f0, 0x0000023372b8d3b0, 0x0000023372b8a420
}

Java Threads: ( => current thread )
  0x0000023359328e90 JavaThread "main" [_thread_in_vm, id=18628, stack(0x00000040f1e00000,0x00000040f1f00000)]
  0x00000233727902e0 JavaThread "Reference Handler" daemon [_thread_blocked, id=14264, stack(0x00000040f2500000,0x00000040f2600000)]
  0x0000023372791900 JavaThread "Finalizer" daemon [_thread_blocked, id=15216, stack(0x00000040f2600000,0x00000040f2700000)]
  0x00000233729f9080 JavaThread "Signal Dispatcher" daemon [_thread_blocked, id=22088, stack(0x00000040f2700000,0x00000040f2800000)]
  0x00000233729f9a50 JavaThread "Attach Listener" daemon [_thread_blocked, id=20700, stack(0x00000040f2800000,0x00000040f2900000)]
  0x00000233729fc830 JavaThread "Service Thread" daemon [_thread_blocked, id=19364, stack(0x00000040f2900000,0x00000040f2a00000)]
  0x00000233729fd8a0 JavaThread "Monitor Deflation Thread" daemon [_thread_blocked, id=17968, stack(0x00000040f2a00000,0x00000040f2b00000)]
=>0x0000023372a1a010 JavaThread "C2 CompilerThread0" daemon [_thread_in_native, id=2652, stack(0x00000040f2b00000,0x00000040f2c00000)]
  0x0000023372a1d180 JavaThread "C1 CompilerThread0" daemon [_thread_blocked, id=17812, stack(0x00000040f2c00000,0x00000040f2d00000)]
  0x0000023372a334f0 JavaThread "Sweeper thread" daemon [_thread_blocked, id=21220, stack(0x00000040f2d00000,0x00000040f2e00000)]
  0x0000023372b8d3b0 JavaThread "Notification Thread" daemon [_thread_blocked, id=3364, stack(0x00000040f2e00000,0x00000040f2f00000)]
  0x0000023372b8a420 JavaThread "Common-Cleaner" daemon [_thread_blocked, id=21184, stack(0x00000040f3000000,0x00000040f3100000)]

Other Threads:
  0x00000233727889f0 VMThread "VM Thread" [stack: 0x00000040f2400000,0x00000040f2500000] [id=14044]
  0x0000023372b8f8a0 WatcherThread [stack: 0x00000040f2f00000,0x00000040f3000000] [id=16376]
  0x000002335937e490 GCTaskThread "GC Thread#0" [stack: 0x00000040f1f00000,0x00000040f2000000] [id=18448]
  0x00000233772c3370 GCTaskThread "GC Thread#1" [stack: 0x00000040f3100000,0x00000040f3200000] [id=20984]
  0x00000233773bf6b0 GCTaskThread "GC Thread#2" [stack: 0x00000040f3200000,0x00000040f3300000] [id=8288]
  0x00000233773bf970 GCTaskThread "GC Thread#3" [stack: 0x00000040f3300000,0x00000040f3400000] [id=21512]
  0x00000233773c0240 GCTaskThread "GC Thread#4" [stack: 0x00000040f3400000,0x00000040f3500000] [id=20780]
  0x000002335938e1f0 ConcurrentGCThread "G1 Main Marker" [stack: 0x00000040f2000000,0x00000040f2100000] [id=14916]
  0x000002335938f3b0 ConcurrentGCThread "G1 Conc#0" [stack: 0x00000040f2100000,0x00000040f2200000] [id=18588]
  0x00000233593de330 ConcurrentGCThread "G1 Refine#0" [stack: 0x00000040f2200000,0x00000040f2300000] [id=7484]
  0x00000233725e80e0 ConcurrentGCThread "G1 Service" [stack: 0x00000040f2300000,0x00000040f2400000] [id=15748]

Threads with active compile tasks:
C2 CompilerThread0      759  724   !   4       java.util.zip.ZipFile::getEntry (59 bytes)

VM state: not at safepoint (normal execution)

VM Mutex/Monitor currently owned by a thread: None

Heap address: 0x0000000091000000, size: 1776 MB, Compressed Oops mode: 32-bit

CDS archive(s) not mapped
Compressed class space mapped at: 0x0000000100000000-0x0000000140000000, reserved size: 1073741824
Narrow klass base: 0x0000000000000000, Narrow klass shift: 3, Narrow klass range: 0x140000000

GC Precious Log:
 CPUs: 8 total, 8 available
 Memory: 7103M
 Large Page Support: Disabled
 NUMA Support: Disabled
 Compressed Oops: Enabled (32-bit)
 Heap Region Size: 1M
 Heap Min Capacity: 8M
 Heap Initial Capacity: 112M
 Heap Max Capacity: 1776M
 Pre-touch: Disabled
 Parallel Workers: 8
 Concurrent Workers: 2
 Concurrent Refinement Workers: 8
 Periodic GC: Disabled

Heap:
 garbage-first heap   total 114688K, used 11180K [0x0000000091000000, 0x0000000100000000)
  region size 1024K, 8 young (8192K), 3 survivors (3072K)
 Metaspace       used 14171K, committed 14272K, reserved 1114112K
  class space    used 1390K, committed 1472K, reserved 1048576K

Heap Regions: E=young(eden), S=young(survivor), O=old, HS=humongous(starts), HC=humongous(continues), CS=collection set, F=free, OA=open archive, CA=closed archive, TAMS=top-at-mark-start (previous, next)
|   0|0x0000000091000000, 0x0000000091100000, 0x0000000091100000|100%|HS|  |TAMS 0x0000000091000000, 0x0000000091000000| Complete 
|   1|0x0000000091100000, 0x0000000091200000, 0x0000000091200000|100%|HC|  |TAMS 0x0000000091100000, 0x0000000091100000| Complete 
|   2|0x0000000091200000, 0x0000000091300000, 0x0000000091300000|100%|HC|  |TAMS 0x0000000091200000, 0x0000000091200000| Complete 
|   3|0x0000000091300000, 0x0000000091400000, 0x0000000091400000|100%|HC|  |TAMS 0x0000000091300000, 0x0000000091300000| Complete 
|   4|0x0000000091400000, 0x0000000091400000, 0x0000000091500000|  0%| F|  |TAMS 0x0000000091400000, 0x0000000091400000| Untracked 
|   5|0x0000000091500000, 0x0000000091500000, 0x0000000091600000|  0%| F|  |TAMS 0x0000000091500000, 0x0000000091500000| Untracked 
|   6|0x0000000091600000, 0x0000000091600000, 0x0000000091700000|  0%| F|  |TAMS 0x0000000091600000, 0x0000000091600000| Untracked 
|   7|0x0000000091700000, 0x0000000091700000, 0x0000000091800000|  0%| F|  |TAMS 0x0000000091700000, 0x0000000091700000| Untracked 
|   8|0x0000000091800000, 0x0000000091800000, 0x0000000091900000|  0%| F|  |TAMS 0x0000000091800000, 0x0000000091800000| Untracked 
|   9|0x0000000091900000, 0x0000000091900000, 0x0000000091a00000|  0%| F|  |TAMS 0x0000000091900000, 0x0000000091900000| Untracked 
|  10|0x0000000091a00000, 0x0000000091a00000, 0x0000000091b00000|  0%| F|  |TAMS 0x0000000091a00000, 0x0000000091a00000| Untracked 
|  11|0x0000000091b00000, 0x0000000091b00000, 0x0000000091c00000|  0%| F|  |TAMS 0x0000000091b00000, 0x0000000091b00000| Untracked 
|  12|0x0000000091c00000, 0x0000000091c00000, 0x0000000091d00000|  0%| F|  |TAMS 0x0000000091c00000, 0x0000000091c00000| Untracked 
|  13|0x0000000091d00000, 0x0000000091d00000, 0x0000000091e00000|  0%| F|  |TAMS 0x0000000091d00000, 0x0000000091d00000| Untracked 
|  14|0x0000000091e00000, 0x0000000091e00000, 0x0000000091f00000|  0%| F|  |TAMS 0x0000000091e00000, 0x0000000091e00000| Untracked 
|  15|0x0000000091f00000, 0x0000000091f00000, 0x0000000092000000|  0%| F|  |TAMS 0x0000000091f00000, 0x0000000091f00000| Untracked 
|  16|0x0000000092000000, 0x0000000092000000, 0x0000000092100000|  0%| F|  |TAMS 0x0000000092000000, 0x0000000092000000| Untracked 
|  17|0x0000000092100000, 0x0000000092100000, 0x0000000092200000|  0%| F|  |TAMS 0x0000000092100000, 0x0000000092100000| Untracked 
|  18|0x0000000092200000, 0x0000000092200000, 0x0000000092300000|  0%| F|  |TAMS 0x0000000092200000, 0x0000000092200000| Untracked 
|  19|0x0000000092300000, 0x0000000092300000, 0x0000000092400000|  0%| F|  |TAMS 0x0000000092300000, 0x0000000092300000| Untracked 
|  20|0x0000000092400000, 0x0000000092400000, 0x0000000092500000|  0%| F|  |TAMS 0x0000000092400000, 0x0000000092400000| Untracked 
|  21|0x0000000092500000, 0x0000000092500000, 0x0000000092600000|  0%| F|  |TAMS 0x0000000092500000, 0x0000000092500000| Untracked 
|  22|0x0000000092600000, 0x0000000092600000, 0x0000000092700000|  0%| F|  |TAMS 0x0000000092600000, 0x0000000092600000| Untracked 
|  23|0x0000000092700000, 0x0000000092700000, 0x0000000092800000|  0%| F|  |TAMS 0x0000000092700000, 0x0000000092700000| Untracked 
|  24|0x0000000092800000, 0x0000000092800000, 0x0000000092900000|  0%| F|  |TAMS 0x0000000092800000, 0x0000000092800000| Untracked 
|  25|0x0000000092900000, 0x0000000092900000, 0x0000000092a00000|  0%| F|  |TAMS 0x0000000092900000, 0x0000000092900000| Untracked 
|  26|0x0000000092a00000, 0x0000000092a00000, 0x0000000092b00000|  0%| F|  |TAMS 0x0000000092a00000, 0x0000000092a00000| Untracked 
|  27|0x0000000092b00000, 0x0000000092b00000, 0x0000000092c00000|  0%| F|  |TAMS 0x0000000092b00000, 0x0000000092b00000| Untracked 
|  28|0x0000000092c00000, 0x0000000092c00000, 0x0000000092d00000|  0%| F|  |TAMS 0x0000000092c00000, 0x0000000092c00000| Untracked 
|  29|0x0000000092d00000, 0x0000000092d00000, 0x0000000092e00000|  0%| F|  |TAMS 0x0000000092d00000, 0x0000000092d00000| Untracked 
|  30|0x0000000092e00000, 0x0000000092e00000, 0x0000000092f00000|  0%| F|  |TAMS 0x0000000092e00000, 0x0000000092e00000| Untracked 
|  31|0x0000000092f00000, 0x0000000092f00000, 0x0000000093000000|  0%| F|  |TAMS 0x0000000092f00000, 0x0000000092f00000| Untracked 
|  32|0x0000000093000000, 0x0000000093000000, 0x0000000093100000|  0%| F|  |TAMS 0x0000000093000000, 0x0000000093000000| Untracked 
|  33|0x0000000093100000, 0x0000000093100000, 0x0000000093200000|  0%| F|  |TAMS 0x0000000093100000, 0x0000000093100000| Untracked 
|  34|0x0000000093200000, 0x0000000093200000, 0x0000000093300000|  0%| F|  |TAMS 0x0000000093200000, 0x0000000093200000| Untracked 
|  35|0x0000000093300000, 0x0000000093300000, 0x0000000093400000|  0%| F|  |TAMS 0x0000000093300000, 0x0000000093300000| Untracked 
|  36|0x0000000093400000, 0x0000000093400000, 0x0000000093500000|  0%| F|  |TAMS 0x0000000093400000, 0x0000000093400000| Untracked 
|  37|0x0000000093500000, 0x0000000093500000, 0x0000000093600000|  0%| F|  |TAMS 0x0000000093500000, 0x0000000093500000| Untracked 
|  38|0x0000000093600000, 0x0000000093600000, 0x0000000093700000|  0%| F|  |TAMS 0x0000000093600000, 0x0000000093600000| Untracked 
|  39|0x0000000093700000, 0x0000000093700000, 0x0000000093800000|  0%| F|  |TAMS 0x0000000093700000, 0x0000000093700000| Untracked 
|  40|0x0000000093800000, 0x0000000093800000, 0x0000000093900000|  0%| F|  |TAMS 0x0000000093800000, 0x0000000093800000| Untracked 
|  41|0x0000000093900000, 0x0000000093900000, 0x0000000093a00000|  0%| F|  |TAMS 0x0000000093900000, 0x0000000093900000| Untracked 
|  42|0x0000000093a00000, 0x0000000093a00000, 0x0000000093b00000|  0%| F|  |TAMS 0x0000000093a00000, 0x0000000093a00000| Untracked 
|  43|0x0000000093b00000, 0x0000000093b00000, 0x0000000093c00000|  0%| F|  |TAMS 0x0000000093b00000, 0x0000000093b00000| Untracked 
|  44|0x0000000093c00000, 0x0000000093c00000, 0x0000000093d00000|  0%| F|  |TAMS 0x0000000093c00000, 0x0000000093c00000| Untracked 
|  45|0x0000000093d00000, 0x0000000093d00000, 0x0000000093e00000|  0%| F|  |TAMS 0x0000000093d00000, 0x0000000093d00000| Untracked 
|  46|0x0000000093e00000, 0x0000000093e00000, 0x0000000093f00000|  0%| F|  |TAMS 0x0000000093e00000, 0x0000000093e00000| Untracked 
|  47|0x0000000093f00000, 0x0000000093f00000, 0x0000000094000000|  0%| F|  |TAMS 0x0000000093f00000, 0x0000000093f00000| Untracked 
|  48|0x0000000094000000, 0x0000000094000000, 0x0000000094100000|  0%| F|  |TAMS 0x0000000094000000, 0x0000000094000000| Untracked 
|  49|0x0000000094100000, 0x0000000094100000, 0x0000000094200000|  0%| F|  |TAMS 0x0000000094100000, 0x0000000094100000| Untracked 
|  50|0x0000000094200000, 0x0000000094200000, 0x0000000094300000|  0%| F|  |TAMS 0x0000000094200000, 0x0000000094200000| Untracked 
|  51|0x0000000094300000, 0x0000000094300000, 0x0000000094400000|  0%| F|  |TAMS 0x0000000094300000, 0x0000000094300000| Untracked 
|  52|0x0000000094400000, 0x0000000094400000, 0x0000000094500000|  0%| F|  |TAMS 0x0000000094400000, 0x0000000094400000| Untracked 
|  53|0x0000000094500000, 0x0000000094500000, 0x0000000094600000|  0%| F|  |TAMS 0x0000000094500000, 0x0000000094500000| Untracked 
|  54|0x0000000094600000, 0x0000000094600000, 0x0000000094700000|  0%| F|  |TAMS 0x0000000094600000, 0x0000000094600000| Untracked 
|  55|0x0000000094700000, 0x0000000094700000, 0x0000000094800000|  0%| F|  |TAMS 0x0000000094700000, 0x0000000094700000| Untracked 
|  56|0x0000000094800000, 0x0000000094800000, 0x0000000094900000|  0%| F|  |TAMS 0x0000000094800000, 0x0000000094800000| Untracked 
|  57|0x0000000094900000, 0x0000000094900000, 0x0000000094a00000|  0%| F|  |TAMS 0x0000000094900000, 0x0000000094900000| Untracked 
|  58|0x0000000094a00000, 0x0000000094a00000, 0x0000000094b00000|  0%| F|  |TAMS 0x0000000094a00000, 0x0000000094a00000| Untracked 
|  59|0x0000000094b00000, 0x0000000094b00000, 0x0000000094c00000|  0%| F|  |TAMS 0x0000000094b00000, 0x0000000094b00000| Untracked 
|  60|0x0000000094c00000, 0x0000000094c00000, 0x0000000094d00000|  0%| F|  |TAMS 0x0000000094c00000, 0x0000000094c00000| Untracked 
|  61|0x0000000094d00000, 0x0000000094d00000, 0x0000000094e00000|  0%| F|  |TAMS 0x0000000094d00000, 0x0000000094d00000| Untracked 
|  62|0x0000000094e00000, 0x0000000094e00000, 0x0000000094f00000|  0%| F|  |TAMS 0x0000000094e00000, 0x0000000094e00000| Untracked 
|  63|0x0000000094f00000, 0x0000000094f00000, 0x0000000095000000|  0%| F|  |TAMS 0x0000000094f00000, 0x0000000094f00000| Untracked 
|  64|0x0000000095000000, 0x0000000095000000, 0x0000000095100000|  0%| F|  |TAMS 0x0000000095000000, 0x0000000095000000| Untracked 
|  65|0x0000000095100000, 0x0000000095100000, 0x0000000095200000|  0%| F|  |TAMS 0x0000000095100000, 0x0000000095100000| Untracked 
|  66|0x0000000095200000, 0x0000000095200000, 0x0000000095300000|  0%| F|  |TAMS 0x0000000095200000, 0x0000000095200000| Untracked 
|  67|0x0000000095300000, 0x0000000095300000, 0x0000000095400000|  0%| F|  |TAMS 0x0000000095300000, 0x0000000095300000| Untracked 
|  68|0x0000000095400000, 0x0000000095400000, 0x0000000095500000|  0%| F|  |TAMS 0x0000000095400000, 0x0000000095400000| Untracked 
|  69|0x0000000095500000, 0x0000000095500000, 0x0000000095600000|  0%| F|  |TAMS 0x0000000095500000, 0x0000000095500000| Untracked 
|  70|0x0000000095600000, 0x0000000095600000, 0x0000000095700000|  0%| F|  |TAMS 0x0000000095600000, 0x0000000095600000| Untracked 
|  71|0x0000000095700000, 0x0000000095700000, 0x0000000095800000|  0%| F|  |TAMS 0x0000000095700000, 0x0000000095700000| Untracked 
|  72|0x0000000095800000, 0x0000000095800000, 0x0000000095900000|  0%| F|  |TAMS 0x0000000095800000, 0x0000000095800000| Untracked 
|  73|0x0000000095900000, 0x0000000095900000, 0x0000000095a00000|  0%| F|  |TAMS 0x0000000095900000, 0x0000000095900000| Untracked 
|  74|0x0000000095a00000, 0x0000000095a00000, 0x0000000095b00000|  0%| F|  |TAMS 0x0000000095a00000, 0x0000000095a00000| Untracked 
|  75|0x0000000095b00000, 0x0000000095b00000, 0x0000000095c00000|  0%| F|  |TAMS 0x0000000095b00000, 0x0000000095b00000| Untracked 
|  76|0x0000000095c00000, 0x0000000095c00000, 0x0000000095d00000|  0%| F|  |TAMS 0x0000000095c00000, 0x0000000095c00000| Untracked 
|  77|0x0000000095d00000, 0x0000000095d00000, 0x0000000095e00000|  0%| F|  |TAMS 0x0000000095d00000, 0x0000000095d00000| Untracked 
|  78|0x0000000095e00000, 0x0000000095e00000, 0x0000000095f00000|  0%| F|  |TAMS 0x0000000095e00000, 0x0000000095e00000| Untracked 
|  79|0x0000000095f00000, 0x0000000095f00000, 0x0000000096000000|  0%| F|  |TAMS 0x0000000095f00000, 0x0000000095f00000| Untracked 
|  80|0x0000000096000000, 0x0000000096000000, 0x0000000096100000|  0%| F|  |TAMS 0x0000000096000000, 0x0000000096000000| Untracked 
|  81|0x0000000096100000, 0x0000000096100000, 0x0000000096200000|  0%| F|  |TAMS 0x0000000096100000, 0x0000000096100000| Untracked 
|  82|0x0000000096200000, 0x0000000096200000, 0x0000000096300000|  0%| F|  |TAMS 0x0000000096200000, 0x0000000096200000| Untracked 
|  83|0x0000000096300000, 0x0000000096300000, 0x0000000096400000|  0%| F|  |TAMS 0x0000000096300000, 0x0000000096300000| Untracked 
|  84|0x0000000096400000, 0x0000000096400000, 0x0000000096500000|  0%| F|  |TAMS 0x0000000096400000, 0x0000000096400000| Untracked 
|  85|0x0000000096500000, 0x0000000096500000, 0x0000000096600000|  0%| F|  |TAMS 0x0000000096500000, 0x0000000096500000| Untracked 
|  86|0x0000000096600000, 0x00000000966eb110, 0x0000000096700000| 91%| S|CS|TAMS 0x0000000096600000, 0x0000000096600000| Complete 
|  87|0x0000000096700000, 0x0000000096800000, 0x0000000096800000|100%| S|CS|TAMS 0x0000000096700000, 0x0000000096700000| Complete 
|  88|0x0000000096800000, 0x0000000096900000, 0x0000000096900000|100%| S|CS|TAMS 0x0000000096800000, 0x0000000096800000| Complete 
|  89|0x0000000096900000, 0x0000000096900000, 0x0000000096a00000|  0%| F|  |TAMS 0x0000000096900000, 0x0000000096900000| Untracked 
|  90|0x0000000096a00000, 0x0000000096a00000, 0x0000000096b00000|  0%| F|  |TAMS 0x0000000096a00000, 0x0000000096a00000| Untracked 
|  91|0x0000000096b00000, 0x0000000096b00000, 0x0000000096c00000|  0%| F|  |TAMS 0x0000000096b00000, 0x0000000096b00000| Untracked 
|  92|0x0000000096c00000, 0x0000000096c00000, 0x0000000096d00000|  0%| F|  |TAMS 0x0000000096c00000, 0x0000000096c00000| Untracked 
|  93|0x0000000096d00000, 0x0000000096d00000, 0x0000000096e00000|  0%| F|  |TAMS 0x0000000096d00000, 0x0000000096d00000| Untracked 
|  94|0x0000000096e00000, 0x0000000096e00000, 0x0000000096f00000|  0%| F|  |TAMS 0x0000000096e00000, 0x0000000096e00000| Untracked 
|  95|0x0000000096f00000, 0x0000000096f00000, 0x0000000097000000|  0%| F|  |TAMS 0x0000000096f00000, 0x0000000096f00000| Untracked 
|  96|0x0000000097000000, 0x0000000097000000, 0x0000000097100000|  0%| F|  |TAMS 0x0000000097000000, 0x0000000097000000| Untracked 
|  97|0x0000000097100000, 0x0000000097100000, 0x0000000097200000|  0%| F|  |TAMS 0x0000000097100000, 0x0000000097100000| Untracked 
|  98|0x0000000097200000, 0x0000000097200000, 0x0000000097300000|  0%| F|  |TAMS 0x0000000097200000, 0x0000000097200000| Untracked 
|  99|0x0000000097300000, 0x0000000097300000, 0x0000000097400000|  0%| F|  |TAMS 0x0000000097300000, 0x0000000097300000| Untracked 
| 100|0x0000000097400000, 0x0000000097400000, 0x0000000097500000|  0%| F|  |TAMS 0x0000000097400000, 0x0000000097400000| Untracked 
| 101|0x0000000097500000, 0x0000000097500000, 0x0000000097600000|  0%| F|  |TAMS 0x0000000097500000, 0x0000000097500000| Untracked 
| 102|0x0000000097600000, 0x0000000097600000, 0x0000000097700000|  0%| F|  |TAMS 0x0000000097600000, 0x0000000097600000| Untracked 
| 103|0x0000000097700000, 0x0000000097700000, 0x0000000097800000|  0%| F|  |TAMS 0x0000000097700000, 0x0000000097700000| Untracked 
| 104|0x0000000097800000, 0x0000000097800000, 0x0000000097900000|  0%| F|  |TAMS 0x0000000097800000, 0x0000000097800000| Untracked 
| 105|0x0000000097900000, 0x0000000097900000, 0x0000000097a00000|  0%| F|  |TAMS 0x0000000097900000, 0x0000000097900000| Untracked 
| 106|0x0000000097a00000, 0x0000000097a00000, 0x0000000097b00000|  0%| F|  |TAMS 0x0000000097a00000, 0x0000000097a00000| Untracked 
| 107|0x0000000097b00000, 0x0000000097b80838, 0x0000000097c00000| 50%| E|  |TAMS 0x0000000097b00000, 0x0000000097b00000| Complete 
| 108|0x0000000097c00000, 0x0000000097d00000, 0x0000000097d00000|100%| E|CS|TAMS 0x0000000097c00000, 0x0000000097c00000| Complete 
| 109|0x0000000097d00000, 0x0000000097e00000, 0x0000000097e00000|100%| E|CS|TAMS 0x0000000097d00000, 0x0000000097d00000| Complete 
| 110|0x0000000097e00000, 0x0000000097f00000, 0x0000000097f00000|100%| E|CS|TAMS 0x0000000097e00000, 0x0000000097e00000| Complete 
| 111|0x0000000097f00000, 0x0000000098000000, 0x0000000098000000|100%| E|CS|TAMS 0x0000000097f00000, 0x0000000097f00000| Complete 

Card table byte_map: [0x000002336bec0000,0x000002336c240000] _byte_map_base: 0x000002336ba38000

Marking Bits (Prev, Next): (CMBitMap*) 0x000002335937fac0, (CMBitMap*) 0x000002335937fb00
 Prev Bits: [0x000002336c5c0000, 0x000002336e180000)
 Next Bits: [0x000002336e180000, 0x000002336fd40000)

Polling page: 0x00000233572d0000

Metaspace:

Usage:
  Non-class:     12.53 MB used.
      Class:      1.37 MB used.
       Both:     13.90 MB used.

Virtual space:
  Non-class space:       64.00 MB reserved,      12.56 MB ( 20%) committed,  1 nodes.
      Class space:        1.00 GB reserved,       1.44 MB ( <1%) committed,  1 nodes.
             Both:        1.06 GB reserved,      14.00 MB (  1%) committed. 

Chunk freelists:
   Non-Class:  2.88 MB
       Class:  14.58 MB
        Both:  17.45 MB

MaxMetaspaceSize: unlimited
CompressedClassSpaceSize: 1.00 GB
Initial GC threshold: 21.00 MB
Current GC threshold: 21.00 MB
CDS: off
MetaspaceReclaimPolicy: balanced
 - commit_granule_bytes: 65536.
 - commit_granule_words: 8192.
 - virtual_space_node_default_size: 8388608.
 - enlarge_chunks_in_place: 1.
 - new_chunks_are_fully_committed: 0.
 - uncommit_free_chunks: 1.
 - use_allocation_guard: 0.
 - handle_deallocations: 1.


Internal statistics:

num_allocs_failed_limit: 0.
num_arena_births: 6.
num_arena_deaths: 0.
num_vsnodes_births: 2.
num_vsnodes_deaths: 0.
num_space_committed: 224.
num_space_uncommitted: 0.
num_chunks_returned_to_freelist: 0.
num_chunks_taken_from_freelist: 230.
num_chunk_merges: 0.
num_chunk_splits: 208.
num_chunks_enlarged: 202.
num_inconsistent_stats: 0.

CodeHeap 'non-profiled nmethods': size=120000Kb used=199Kb max_used=199Kb free=119800Kb
 bounds [0x00000233642d0000, 0x0000023364540000, 0x000002336b800000]
CodeHeap 'profiled nmethods': size=120000Kb used=1405Kb max_used=1405Kb free=118594Kb
 bounds [0x000002335c800000, 0x000002335ca70000, 0x0000023363d30000]
CodeHeap 'non-nmethods': size=5760Kb used=1145Kb max_used=1156Kb free=4614Kb
 bounds [0x0000023363d30000, 0x0000023363fa0000, 0x00000233642d0000]
 total_blobs=1224 nmethods=792 adapters=345
 compilation: enabled
              stopped_count=0, restarted_count=0
 full_count=0

Compilation events (20 events):
Event: 0.709 Thread 0x0000023372a1a010  724   !   4       java.util.zip.ZipFile::getEntry (59 bytes)
Event: 0.725 Thread 0x0000023372a1d180  726       3       kotlin.reflect.jvm.internal.impl.protobuf.GeneratedMessageLite$ExtensionDescriptor::getLiteJavaType (8 bytes)
Event: 0.725 Thread 0x0000023372a1d180 nmethod 726 0x000002335c939210 code [0x000002335c9393a0, 0x000002335c939558]
Event: 0.727 Thread 0x0000023372a1d180  727       3       kotlin.reflect.jvm.internal.impl.protobuf.CodedInputStream::readRawVarint32 (233 bytes)
Event: 0.727 Thread 0x0000023372a1d180 nmethod 727 0x000002335c939610 code [0x000002335c939800, 0x000002335c939ee8]
Event: 0.728 Thread 0x0000023372a1d180  728       3       kotlin.reflect.jvm.internal.impl.protobuf.CodedInputStream::readRawVarint64SlowPath (48 bytes)
Event: 0.728 Thread 0x0000023372a1d180 nmethod 728 0x000002335c93a090 code [0x000002335c93a240, 0x000002335c93a4d8]
Event: 0.728 Thread 0x0000023372a1d180  729       3       kotlin.reflect.jvm.internal.impl.protobuf.SmallSortedMap::checkMutable (16 bytes)
Event: 0.728 Thread 0x0000023372a1d180 nmethod 729 0x000002335c93a610 code [0x000002335c93a7c0, 0x000002335c93a9e8]
Event: 0.728 Thread 0x0000023372a1d180  731       3       kotlin.reflect.jvm.internal.impl.protobuf.SmallSortedMap::binarySearchInArray (133 bytes)
Event: 0.729 Thread 0x0000023372a1d180 nmethod 731 0x000002335c93ab10 code [0x000002335c93ad40, 0x000002335c93b748]
Event: 0.729 Thread 0x0000023372a1d180  732       3       java.util.Collections$UnmodifiableCollection::<init> (22 bytes)
Event: 0.729 Thread 0x0000023372a1d180 nmethod 732 0x000002335c93ba10 code [0x000002335c93bbc0, 0x000002335c93be88]
Event: 0.729 Thread 0x0000023372a1d180  733       3       java.util.Collections$UnmodifiableRandomAccessList::<init> (6 bytes)
Event: 0.729 Thread 0x0000023372a1d180 nmethod 733 0x000002335c93bf90 code [0x000002335c93c160, 0x000002335c93c548]
Event: 0.729 Thread 0x0000023372a1d180  734       3       kotlin.reflect.jvm.internal.impl.protobuf.FieldSet::getWireFormatForFieldType (11 bytes)
Event: 0.729 Thread 0x0000023372a1d180 nmethod 734 0x000002335c93c690 code [0x000002335c93c820, 0x000002335c93ca18]
Event: 0.729 Thread 0x0000023372a1d180  736       3       java.util.Collections::unmodifiableList (47 bytes)
Event: 0.730 Thread 0x0000023372a1d180 nmethod 736 0x000002335c93cb10 code [0x000002335c93cd40, 0x000002335c93d778]
Event: 0.730 Thread 0x0000023372a1d180  741   !   3       kotlin.reflect.jvm.internal.impl.metadata.ProtoBuf$Type::<init> (875 bytes)

GC Heap History (2 events):
Event: 0.674 GC heap before
{Heap before GC invocations=0 (full 0):
 garbage-first heap   total 114688K, used 27648K [0x0000000091000000, 0x0000000100000000)
  region size 1024K, 23 young (23552K), 0 survivors (0K)
 Metaspace       used 13385K, committed 13504K, reserved 1114112K
  class space    used 1294K, committed 1344K, reserved 1048576K
}
Event: 0.679 GC heap after
{Heap after GC invocations=1 (full 0):
 garbage-first heap   total 114688K, used 7084K [0x0000000091000000, 0x0000000100000000)
  region size 1024K, 3 young (3072K), 3 survivors (3072K)
 Metaspace       used 13385K, committed 13504K, reserved 1114112K
  class space    used 1294K, committed 1344K, reserved 1048576K
}

Dll operation events (1 events):
Event: 0.016 Loaded shared library C:\Users\susli\AppData\Local\Programs\Android Studio\jbr\bin\java.dll

Deoptimization events (20 events):
Event: 0.526 Thread 0x0000023359328e90 DEOPT PACKING pc=0x000002335c871347 sp=0x00000040f1ef72d0
Event: 0.526 Thread 0x0000023359328e90 DEOPT UNPACKING pc=0x0000023363d87143 sp=0x00000040f1ef6730 mode 0
Event: 0.568 Thread 0x0000023359328e90 DEOPT PACKING pc=0x000002335c825356 sp=0x00000040f1efa750
Event: 0.568 Thread 0x0000023359328e90 DEOPT UNPACKING pc=0x0000023363d87143 sp=0x00000040f1ef9bd8 mode 0
Event: 0.590 Thread 0x0000023359328e90 DEOPT PACKING pc=0x000002335c8404e5 sp=0x00000040f1efb3d0
Event: 0.590 Thread 0x0000023359328e90 DEOPT UNPACKING pc=0x0000023363d87143 sp=0x00000040f1efa820 mode 0
Event: 0.593 Thread 0x0000023359328e90 DEOPT PACKING pc=0x000002335c84bdb8 sp=0x00000040f1ef7610
Event: 0.593 Thread 0x0000023359328e90 DEOPT UNPACKING pc=0x0000023363d87143 sp=0x00000040f1ef6b28 mode 0
Event: 0.722 Thread 0x0000023359328e90 Uncommon trap: trap_request=0xffffffc6 fr.pc=0x00000233642fe4bc relative=0x00000000000004bc
Event: 0.722 Thread 0x0000023359328e90 Uncommon trap: reason=bimorphic_or_optimized_type_check action=maybe_recompile pc=0x00000233642fe4bc method=kotlin.reflect.jvm.internal.impl.protobuf.CodedInputStream.tryRefillBuffer(I)Z @ 175 c2
Event: 0.722 Thread 0x0000023359328e90 DEOPT PACKING pc=0x00000233642fe4bc sp=0x00000040f1efbac0
Event: 0.722 Thread 0x0000023359328e90 DEOPT UNPACKING pc=0x0000023363d869a3 sp=0x00000040f1efb9a8 mode 2
Event: 0.726 Thread 0x0000023359328e90 Uncommon trap: trap_request=0xffffff45 fr.pc=0x00000233642fab44 relative=0x00000000000001a4
Event: 0.726 Thread 0x0000023359328e90 Uncommon trap: reason=unstable_if action=reinterpret pc=0x00000233642fab44 method=kotlin.reflect.jvm.internal.impl.protobuf.CodedInputStream.readRawVarint32()I @ 10 c2
Event: 0.726 Thread 0x0000023359328e90 DEOPT PACKING pc=0x00000233642fab44 sp=0x00000040f1efb7e0
Event: 0.726 Thread 0x0000023359328e90 DEOPT UNPACKING pc=0x0000023363d869a3 sp=0x00000040f1efb760 mode 2
Event: 0.731 Thread 0x0000023359328e90 Uncommon trap: trap_request=0xffffffc6 fr.pc=0x00000233642fe4bc relative=0x00000000000004bc
Event: 0.731 Thread 0x0000023359328e90 Uncommon trap: reason=bimorphic_or_optimized_type_check action=maybe_recompile pc=0x00000233642fe4bc method=kotlin.reflect.jvm.internal.impl.protobuf.CodedInputStream.tryRefillBuffer(I)Z @ 175 c2
Event: 0.731 Thread 0x0000023359328e90 DEOPT PACKING pc=0x00000233642fe4bc sp=0x00000040f1efb520
Event: 0.731 Thread 0x0000023359328e90 DEOPT UNPACKING pc=0x0000023363d869a3 sp=0x00000040f1efb408 mode 2

Classes unloaded (0 events):
No events

Classes redefined (0 events):
No events

Internal exceptions (0 events):
No events

VM Operations (6 events):
Event: 0.183 Executing VM operation: HandshakeAllThreads
Event: 0.183 Executing VM operation: HandshakeAllThreads done
Event: 0.464 Executing VM operation: HandshakeAllThreads
Event: 0.464 Executing VM operation: HandshakeAllThreads done
Event: 0.673 Executing VM operation: G1CollectForAllocation
Event: 0.679 Executing VM operation: G1CollectForAllocation done

Events (20 events):
Event: 0.682 loading class jdk/internal/reflect/UnsafeQualifiedStaticFieldAccessorImpl done
Event: 0.682 loading class jdk/internal/reflect/UnsafeQualifiedStaticObjectFieldAccessorImpl done
Event: 0.706 loading class sun/reflect/generics/repository/ClassRepository
Event: 0.706 loading class sun/reflect/generics/repository/GenericDeclRepository
Event: 0.706 loading class sun/reflect/generics/repository/AbstractRepository
Event: 0.706 loading class sun/reflect/generics/repository/AbstractRepository done
Event: 0.706 loading class sun/reflect/generics/repository/GenericDeclRepository done
Event: 0.706 loading class sun/reflect/generics/repository/ClassRepository done
Event: 0.706 loading class sun/reflect/generics/tree/FormalTypeParameter
Event: 0.706 loading class sun/reflect/generics/tree/FormalTypeParameter done
Event: 0.706 loading class sun/reflect/generics/tree/ClassSignature
Event: 0.706 loading class sun/reflect/generics/tree/Signature
Event: 0.706 loading class sun/reflect/generics/tree/Signature done
Event: 0.706 loading class sun/reflect/generics/tree/ClassSignature done
Event: 0.706 loading class java/lang/reflect/TypeVariable
Event: 0.706 loading class java/lang/reflect/TypeVariable done
Event: 0.708 loading class java/lang/reflect/AnnotatedType
Event: 0.708 loading class java/lang/reflect/AnnotatedType done
Event: 0.717 loading class java/io/DataInputStream
Event: 0.717 loading class java/io/DataInputStream done


Dynamic libraries:
0x00007ff6a46d0000 - 0x00007ff6a46da000 	C:\Users\susli\AppData\Local\Programs\Android Studio\jbr\bin\java.exe
0x00007ffa575f0000 - 0x00007ffa57806000 	C:\WINDOWS\SYSTEM32\ntdll.dll
0x00007ffa56af0000 - 0x00007ffa56bb4000 	C:\WINDOWS\System32\KERNEL32.DLL
0x00007ffa54cf0000 - 0x00007ffa55096000 	C:\WINDOWS\System32\KERNELBASE.dll
0x00007ffa54930000 - 0x00007ffa54a41000 	C:\WINDOWS\System32\ucrtbase.dll
0x00007ffa339f0000 - 0x00007ffa33a07000 	C:\Users\susli\AppData\Local\Programs\Android Studio\jbr\bin\jli.dll
0x00007ffa55ea0000 - 0x00007ffa5604d000 	C:\WINDOWS\System32\USER32.dll
0x00007ffa55310000 - 0x00007ffa55336000 	C:\WINDOWS\System32\win32u.dll
0x00007ffa55510000 - 0x00007ffa55539000 	C:\WINDOWS\System32\GDI32.dll
0x00007ffa55170000 - 0x00007ffa55288000 	C:\WINDOWS\System32\gdi32full.dll
0x00007ffa550a0000 - 0x00007ffa5513a000 	C:\WINDOWS\System32\msvcp_win.dll
0x00007ffa4d900000 - 0x00007ffa4d91b000 	C:\Users\susli\AppData\Local\Programs\Android Studio\jbr\bin\VCRUNTIME140.dll
0x00007ffa45160000 - 0x00007ffa453f3000 	C:\WINDOWS\WinSxS\amd64_microsoft.windows.common-controls_6595b64144ccf1df_6.0.22621.3235_none_270f74e173860f98\COMCTL32.dll
0x00007ffa55460000 - 0x00007ffa55507000 	C:\WINDOWS\System32\msvcrt.dll
0x00007ffa55dd0000 - 0x00007ffa55e01000 	C:\WINDOWS\System32\IMM32.DLL
0x00007ffa4efb0000 - 0x00007ffa4efbc000 	C:\Users\susli\AppData\Local\Programs\Android Studio\jbr\bin\vcruntime140_1.dll
0x00007ffa15a10000 - 0x00007ffa15a9d000 	C:\Users\susli\AppData\Local\Programs\Android Studio\jbr\bin\msvcp140.dll
0x00007ffa00ee0000 - 0x00007ffa01b63000 	C:\Users\susli\AppData\Local\Programs\Android Studio\jbr\bin\server\jvm.dll
0x00007ffa55610000 - 0x00007ffa556c2000 	C:\WINDOWS\System32\ADVAPI32.dll
0x00007ffa57420000 - 0x00007ffa574c8000 	C:\WINDOWS\System32\sechost.dll
0x00007ffa55140000 - 0x00007ffa55168000 	C:\WINDOWS\System32\bcrypt.dll
0x00007ffa556d0000 - 0x00007ffa557e5000 	C:\WINDOWS\System32\RPCRT4.dll
0x00007ffa54800000 - 0x00007ffa5484d000 	C:\WINDOWS\SYSTEM32\POWRPROF.dll
0x00007ffa39d00000 - 0x00007ffa39d09000 	C:\WINDOWS\SYSTEM32\WSOCK32.dll
0x00007ffa56a70000 - 0x00007ffa56ae1000 	C:\WINDOWS\System32\WS2_32.dll
0x00007ffa4eff0000 - 0x00007ffa4f024000 	C:\WINDOWS\SYSTEM32\WINMM.dll
0x00007ffa4a2f0000 - 0x00007ffa4a2fa000 	C:\WINDOWS\SYSTEM32\VERSION.dll
0x00007ffa547e0000 - 0x00007ffa547f3000 	C:\WINDOWS\SYSTEM32\UMPDC.dll
0x00007ffa53910000 - 0x00007ffa53928000 	C:\WINDOWS\SYSTEM32\kernel.appcore.dll
0x00007ffa49170000 - 0x00007ffa4917a000 	C:\Users\susli\AppData\Local\Programs\Android Studio\jbr\bin\jimage.dll
0x00007ffa52310000 - 0x00007ffa52543000 	C:\WINDOWS\SYSTEM32\DBGHELP.DLL
0x00007ffa56fe0000 - 0x00007ffa57368000 	C:\WINDOWS\System32\combase.dll
0x00007ffa574d0000 - 0x00007ffa575a7000 	C:\WINDOWS\System32\OLEAUT32.dll
0x00007ffa3c210000 - 0x00007ffa3c242000 	C:\WINDOWS\SYSTEM32\dbgcore.DLL
0x00007ffa55290000 - 0x00007ffa5530a000 	C:\WINDOWS\System32\bcryptPrimitives.dll
0x00007ffa3b460000 - 0x00007ffa3b485000 	C:\Users\susli\AppData\Local\Programs\Android Studio\jbr\bin\java.dll
0x00007ffa40e40000 - 0x00007ffa40e58000 	C:\Users\susli\AppData\Local\Programs\Android Studio\jbr\bin\zip.dll
0x00007ffa560b0000 - 0x00007ffa5690d000 	C:\WINDOWS\System32\SHELL32.dll
0x00007ffa52890000 - 0x00007ffa53188000 	C:\WINDOWS\SYSTEM32\windows.storage.dll
0x00007ffa52750000 - 0x00007ffa5288e000 	C:\WINDOWS\SYSTEM32\wintypes.dll
0x00007ffa56910000 - 0x00007ffa56a03000 	C:\WINDOWS\System32\SHCORE.dll
0x00007ffa56f80000 - 0x00007ffa56fde000 	C:\WINDOWS\System32\shlwapi.dll
0x00007ffa54860000 - 0x00007ffa54886000 	C:\WINDOWS\SYSTEM32\profapi.dll
0x00007ffa3f400000 - 0x00007ffa3f419000 	C:\Users\susli\AppData\Local\Programs\Android Studio\jbr\bin\net.dll
0x00007ffa4c430000 - 0x00007ffa4c567000 	C:\WINDOWS\SYSTEM32\WINHTTP.dll
0x00007ffa53df0000 - 0x00007ffa53e59000 	C:\WINDOWS\system32\mswsock.dll
0x00007ffa368a0000 - 0x00007ffa368b6000 	C:\Users\susli\AppData\Local\Programs\Android Studio\jbr\bin\nio.dll

dbghelp: loaded successfully - version: 4.0.5 - missing functions: none
symbol engine: initialized successfully - sym options: 0x614 - pdb path: .;C:\Users\susli\AppData\Local\Programs\Android Studio\jbr\bin;C:\WINDOWS\SYSTEM32;C:\WINDOWS\WinSxS\amd64_microsoft.windows.common-controls_6595b64144ccf1df_6.0.22621.3235_none_270f74e173860f98;C:\Users\susli\AppData\Local\Programs\Android Studio\jbr\bin\server

VM Arguments:
java_command: org.jetbrains.kotlin.cli.jvm.K2JVMCompiler @C:\Users\susli\AndroidStudioProjects\EnglishTest2\app\build\20240402_8669807664688306299.compiler.options
java_class_path (initial): C:\Users\susli\.gradle\caches\modules-2\files-2.1\org.jetbrains.kotlin\kotlin-compiler-embeddable\1.9.0\2c8c3a7402becca891f12739b3e9fd2dc2adbd7a\kotlin-compiler-embeddable-1.9.0.jar;C:\Users\susli\.gradle\caches\modules-2\files-2.1\org.jetbrains.kotlin\kotlin-stdlib\1.9.0\8ee15ef0c67dc83d874f412d84378d7f0eb50b63\kotlin-stdlib-1.9.0.jar;C:\Users\susli\.gradle\caches\modules-2\files-2.1\org.jetbrains.kotlin\kotlin-script-runtime\1.9.0\4b3102cbbb7e1b58d9d1adf89563f00069ffa7d1\kotlin-script-runtime-1.9.0.jar;C:\Users\susli\.gradle\caches\modules-2\files-2.1\org.jetbrains.kotlin\kotlin-reflect\1.6.10\1cbe9c92c12a94eea200d23c2bbaedaf3daf5132\kotlin-reflect-1.6.10.jar;C:\Users\susli\.gradle\caches\modules-2\files-2.1\org.jetbrains.kotlin\kotlin-daemon-embeddable\1.9.0\186543f5e28cf8d9a0290fecc2cf34301c40a65c\kotlin-daemon-embeddable-1.9.0.jar;C:\Users\susli\.gradle\caches\modules-2\files-2.1\org.jetbrains.intellij.deps\trove4j\1.0.20200330\3afb14d5f9ceb459d724e907a21145e8ff394f02\trove4j-1.0.20200330.jar;C:\Users\susli\.gradle\caches\modules-2\files-2.1\org.jetbrains.kotlin\kotlin-stdlib-common\1.9.0\cd65c21cfd1eec4d44ef09f9f52b6d9f8a720636\kotlin-stdlib-common-1.9.0.jar;C:\Users\susli\.gradle\caches\modules-2\files-2.1\org.jetbrains\annotations\13.0\919f0dfe192fb4e063e7dacadee7f8bb9a2672a9\annotations-13.0.jar
Launcher Type: SUN_STANDARD

[Global flags]
     intx CICompilerCount                          = 4                                         {product} {ergonomic}
     uint ConcGCThreads                            = 2                                         {product} {ergonomic}
     uint G1ConcRefinementThreads                  = 8                                         {product} {ergonomic}
   size_t G1HeapRegionSize                         = 1048576                                   {product} {ergonomic}
    uintx GCDrainStackTargetSize                   = 64                                        {product} {ergonomic}
   size_t InitialHeapSize                          = 117440512                                 {product} {ergonomic}
   size_t MarkStackSize                            = 4194304                                   {product} {ergonomic}
   size_t MaxHeapSize                              = 1862270976                                {product} {ergonomic}
   size_t MaxNewSize                               = 1116733440                                {product} {ergonomic}
   size_t MinHeapDeltaBytes                        = 1048576                                   {product} {ergonomic}
   size_t MinHeapSize                              = 8388608                                   {product} {ergonomic}
    uintx NonNMethodCodeHeapSize                   = 5839372                                {pd product} {ergonomic}
    uintx NonProfiledCodeHeapSize                  = 122909434                              {pd product} {ergonomic}
    uintx ProfiledCodeHeapSize                     = 122909434                              {pd product} {ergonomic}
    uintx ReservedCodeCacheSize                    = 251658240                              {pd product} {ergonomic}
     bool SegmentedCodeCache                       = true                                      {product} {ergonomic}
   size_t SoftMaxHeapSize                          = 1862270976                             {manageable} {ergonomic}
     bool UseCompressedClassPointers               = true                           {product lp64_product} {ergonomic}
     bool UseCompressedOops                        = true                           {product lp64_product} {ergonomic}
     bool UseG1GC                                  = true                                      {product} {ergonomic}
     bool UseLargePagesIndividualAllocation        = false                                  {pd product} {ergonomic}

Logging:
Log output configuration:
 #0: stdout all=warning uptime,level,tags
 #1: stderr all=off uptime,level,tags

Environment Variables:
PATH=C:\Program Files\Common Files\Oracle\Java\javapath;C:\Python38-64\Scripts\;C:\Python38-64\;C:\Python38\Scripts\;C:\Python38\;C:\ProgramData\Oracle\Java\javapath;C:\WINDOWS\system32;C:\WINDOWS;C:\WINDOWS\System32\Wbem;C:\WINDOWS\System32\WindowsPowerShell\v1.0\;C:\WINDOWS\System32\OpenSSH\;C:\Program Files\Git\cmd;C:\Users\susli\AppData\Local\Microsoft\WindowsApps;C:\Program Files\JetBrains\PyCharm Community Edition 2022.1.1\bin;C:\Users\susli\AppData\Local\JetBrains\Toolbox\scripts
USERNAME=susli
OS=Windows_NT
PROCESSOR_IDENTIFIER=AMD64 Family 23 Model 24 Stepping 1, AuthenticAMD
TMP=C:\Users\susli\AppData\Local\Temp
TEMP=C:\Users\susli\AppData\Local\Temp



Periodic native trim disabled

JNI global refs:
JNI global refs: 9, weak refs: 3

JNI global refs memory usage: 843, weak refs: 841

OOME stack traces (most recent first):
Classloader memory used:
Loader bootstrap                                                                       : 971K
Loader jdk.internal.loader.ClassLoaders$AppClassLoader                                 : 817K


---------------  S Y S T E M  ---------------

OS:
 Windows 11 , 64 bit Build 22621 (10.0.22621.3235)
OS uptime: 3 days 3:07 hours

CPU: total 8 (initial active 8) (8 cores per cpu, 2 threads per core) family 23 model 24 stepping 1 microcode 0x0, cx8, cmov, fxsr, ht, mmx, 3dnowpref, sse, sse2, sse3, ssse3, sse4a, sse4.1, sse4.2, popcnt, lzcnt, tsc, tscinvbit, avx, avx2, aes, clmul, bmi1, bmi2, adx, sha, fma, vzeroupper, clflush, clflushopt
Processor Information for all 8 processors :
  Max Mhz: 2100, Current Mhz: 2100, Mhz Limit: 2100

Memory: 4k page, system-wide physical 7103M (339M free)
TotalPageFile size 20269M (AvailPageFile size 1M)
current process WorkingSet (physical memory assigned to process): 81M, peak: 81M
current process commit charge ("private bytes"): 205M, peak: 207M

vm_info: OpenJDK 64-Bit Server VM (17.0.9+0--11185874) for windows-amd64 JRE (17.0.9+0--11185874), built on Dec  6 2023 18:57:44 by "androidbuild" with MS VC++ 16.10 / 16.11 (VS2019)

END.
