#
# There is insufficient memory for the Java Runtime Environment to continue.
# Native memory allocation (mmap) failed to map 117440512 bytes for G1 virtual space
# Possible reasons:
#   The system is out of physical RAM or swap space
#   The process is running with CompressedOops enabled, and the Java Heap may be blocking the growth of the native heap
# Possible solutions:
#   Reduce memory load on the system
#   Increase physical memory or swap space
#   Check if swap backing store is full
#   Decrease Java heap size (-Xmx/-Xms)
#   Decrease number of Java threads
#   Decrease Java thread stack sizes (-Xss)
#   Set larger code cache with -XX:ReservedCodeCacheSize=
#   JVM is running with Unscaled Compressed Oops mode in which the Java heap is
#     placed in the first 4GB address space. The Java Heap base address is the
#     maximum limit for the native heap growth. Please use -XX:HeapBaseMinAddress
#     to set the Java Heap base and to place the Java Heap above 4GB virtual address.
# This output file may be truncated or incomplete.
#
#  Out of Memory Error (os_windows.cpp:3825), pid=20648, tid=4124
#
# JRE version:  (17.0.9) (build )
# Java VM: OpenJDK 64-Bit Server VM (17.0.9+0--11185874, mixed mode, sharing, tiered, compressed oops, compressed class ptrs, g1 gc, windows-amd64)
# No core dump will be written. Minidumps are not enabled by default on client versions of Windows
#

---------------  S U M M A R Y ------------

Command Line: org.jetbrains.kotlin.cli.jvm.K2JVMCompiler @C:\Users\susli\AndroidStudioProjects\EnglishTest2\app\build\20240402_6827895269273707141.compiler.options

Host: AMD Ryzen 5 3500U with Radeon Vega Mobile Gfx  , 8 cores, 6G,  Windows 11 , 64 bit Build 22621 (10.0.22621.3235)
Time: Tue Apr  2 15:27:11 2024 RTZ 3 (s 11 , 64 bit Build 22621 (10.0.22621.3235) elapsed time: 0.018750 seconds (0d 0h 0m 0s)

---------------  T H R E A D  ---------------

Current thread (0x000001b5bdb88e90):  JavaThread "Unknown thread" [_thread_in_vm, id=4124, stack(0x0000002365400000,0x0000002365500000)]

Stack: [0x0000002365400000,0x0000002365500000]
Native frames: (J=compiled Java code, j=interpreted, Vv=VM code, C=native code)
V  [jvm.dll+0x6886e9]
V  [jvm.dll+0x841e4a]
V  [jvm.dll+0x843a8e]
V  [jvm.dll+0x8440f3]
V  [jvm.dll+0x24c14f]
V  [jvm.dll+0x685499]
V  [jvm.dll+0x679c2a]
V  [jvm.dll+0x30cf9b]
V  [jvm.dll+0x314446]
V  [jvm.dll+0x36425e]
V  [jvm.dll+0x36448f]
V  [jvm.dll+0x2e2d68]
V  [jvm.dll+0x2e3cd4]
V  [jvm.dll+0x8129f1]
V  [jvm.dll+0x3720c1]
V  [jvm.dll+0x7f152c]
V  [jvm.dll+0x3f5d4f]
V  [jvm.dll+0x3f7981]
C  [jli.dll+0x528f]
C  [ucrtbase.dll+0x29363]
C  [KERNEL32.DLL+0x1257d]
C  [ntdll.dll+0x5aa58]


---------------  P R O C E S S  ---------------

Threads class SMR info:
_java_thread_list=0x00007ffa01a1ef18, length=0, elements={
}

Java Threads: ( => current thread )

Other Threads:
  0x000001b5bdbde490 GCTaskThread "GC Thread#0" [stack: 0x0000002365500000,0x0000002365600000] [id=272]
  0x000001b5bdbee1f0 ConcurrentGCThread "G1 Main Marker" [stack: 0x0000002365600000,0x0000002365700000] [id=7672]
  0x000001b5bdbef3b0 ConcurrentGCThread "G1 Conc#0" [stack: 0x0000002365700000,0x0000002365800000] [id=8320]

[error occurred during error reporting (printing all threads), id 0xc0000005, EXCEPTION_ACCESS_VIOLATION (0xc0000005) at pc=0x00007ffa011d3937]

VM state: not at safepoint (not fully initialized)

VM Mutex/Monitor currently owned by a thread:  ([mutex/lock_event])
[0x000001b5bdb83580] Heap_lock - owner thread: 0x000001b5bdb88e90

Heap address: 0x0000000091000000, size: 1776 MB, Compressed Oops mode: 32-bit

CDS archive(s) mapped at: [0x0000000000000000-0x0000000000000000-0x0000000000000000), size 0, SharedBaseAddress: 0x0000000800000000, ArchiveRelocationMode: 1.
Narrow klass base: 0x0000000000000000, Narrow klass shift: 0, Narrow klass range: 0x0

GC Precious Log:
<Empty>

Heap:
 garbage-first heap   total 0K, used 0K [0x0000000091000000, 0x0000000100000000)
  region size 1024K, 0 young (0K), 0 survivors (0K)
 Metaspace       used 0K, committed 0K, reserved 0K
  class space    used 0K, committed 0K, reserved 0K

Heap Regions: E=young(eden), S=young(survivor), O=old, HS=humongous(starts), HC=humongous(continues), CS=collection set, F=free, OA=open archive, CA=closed archive, TAMS=top-at-mark-start (previous, next)

Card table byte_map: [0x000001b5d0710000,0x000001b5d0a90000] _byte_map_base: 0x000001b5d0288000

Marking Bits (Prev, Next): (CMBitMap*) 0x000001b5bdbdfac0, (CMBitMap*) 0x000001b5bdbdfb00
 Prev Bits: [0x000001b5d0e10000, 0x000001b5d29d0000)
 Next Bits: [0x000001b5d29d0000, 0x000001b5d4590000)

GC Heap History (0 events):
No events

Dll operation events (1 events):
Event: 0.012 Loaded shared library C:\Users\susli\AppData\Local\Programs\Android Studio\jbr\bin\java.dll

Deoptimization events (0 events):
No events

Classes unloaded (0 events):
No events

Classes redefined (0 events):
No events

Internal exceptions (0 events):
No events

VM Operations (0 events):
No events

Events (0 events):
No events


Dynamic libraries:
0x00007ff6a46d0000 - 0x00007ff6a46da000 	C:\Users\susli\AppData\Local\Programs\Android Studio\jbr\bin\java.exe
0x00007ffa575f0000 - 0x00007ffa57806000 	C:\WINDOWS\SYSTEM32\ntdll.dll
0x00007ffa56af0000 - 0x00007ffa56bb4000 	C:\WINDOWS\System32\KERNEL32.DLL
0x00007ffa54cf0000 - 0x00007ffa55096000 	C:\WINDOWS\System32\KERNELBASE.dll
0x00007ffa54930000 - 0x00007ffa54a41000 	C:\WINDOWS\System32\ucrtbase.dll
0x00007ffa339f0000 - 0x00007ffa33a07000 	C:\Users\susli\AppData\Local\Programs\Android Studio\jbr\bin\jli.dll
0x00007ffa55ea0000 - 0x00007ffa5604d000 	C:\WINDOWS\System32\USER32.dll
0x00007ffa55310000 - 0x00007ffa55336000 	C:\WINDOWS\System32\win32u.dll
0x00007ffa55510000 - 0x00007ffa55539000 	C:\WINDOWS\System32\GDI32.dll
0x00007ffa55170000 - 0x00007ffa55288000 	C:\WINDOWS\System32\gdi32full.dll
0x00007ffa550a0000 - 0x00007ffa5513a000 	C:\WINDOWS\System32\msvcp_win.dll
0x00007ffa4d900000 - 0x00007ffa4d91b000 	C:\Users\susli\AppData\Local\Programs\Android Studio\jbr\bin\VCRUNTIME140.dll
0x00007ffa45160000 - 0x00007ffa453f3000 	C:\WINDOWS\WinSxS\amd64_microsoft.windows.common-controls_6595b64144ccf1df_6.0.22621.3235_none_270f74e173860f98\COMCTL32.dll
0x00007ffa55460000 - 0x00007ffa55507000 	C:\WINDOWS\System32\msvcrt.dll
0x00007ffa55dd0000 - 0x00007ffa55e01000 	C:\WINDOWS\System32\IMM32.DLL
0x00007ffa4efb0000 - 0x00007ffa4efbc000 	C:\Users\susli\AppData\Local\Programs\Android Studio\jbr\bin\vcruntime140_1.dll
0x00007ffa15a10000 - 0x00007ffa15a9d000 	C:\Users\susli\AppData\Local\Programs\Android Studio\jbr\bin\msvcp140.dll
0x00007ffa00ee0000 - 0x00007ffa01b63000 	C:\Users\susli\AppData\Local\Programs\Android Studio\jbr\bin\server\jvm.dll
0x00007ffa55610000 - 0x00007ffa556c2000 	C:\WINDOWS\System32\ADVAPI32.dll
0x00007ffa57420000 - 0x00007ffa574c8000 	C:\WINDOWS\System32\sechost.dll
0x00007ffa55140000 - 0x00007ffa55168000 	C:\WINDOWS\System32\bcrypt.dll
0x00007ffa556d0000 - 0x00007ffa557e5000 	C:\WINDOWS\System32\RPCRT4.dll
0x00007ffa54800000 - 0x00007ffa5484d000 	C:\WINDOWS\SYSTEM32\POWRPROF.dll
0x00007ffa39d00000 - 0x00007ffa39d09000 	C:\WINDOWS\SYSTEM32\WSOCK32.dll
0x00007ffa56a70000 - 0x00007ffa56ae1000 	C:\WINDOWS\System32\WS2_32.dll
0x00007ffa4eff0000 - 0x00007ffa4f024000 	C:\WINDOWS\SYSTEM32\WINMM.dll
0x00007ffa4a2f0000 - 0x00007ffa4a2fa000 	C:\WINDOWS\SYSTEM32\VERSION.dll
0x00007ffa547e0000 - 0x00007ffa547f3000 	C:\WINDOWS\SYSTEM32\UMPDC.dll
0x00007ffa53910000 - 0x00007ffa53928000 	C:\WINDOWS\SYSTEM32\kernel.appcore.dll
0x00007ffa49170000 - 0x00007ffa4917a000 	C:\Users\susli\AppData\Local\Programs\Android Studio\jbr\bin\jimage.dll
0x00007ffa52310000 - 0x00007ffa52543000 	C:\WINDOWS\SYSTEM32\DBGHELP.DLL
0x00007ffa56fe0000 - 0x00007ffa57368000 	C:\WINDOWS\System32\combase.dll
0x00007ffa574d0000 - 0x00007ffa575a7000 	C:\WINDOWS\System32\OLEAUT32.dll
0x00007ffa3c210000 - 0x00007ffa3c242000 	C:\WINDOWS\SYSTEM32\dbgcore.DLL
0x00007ffa55290000 - 0x00007ffa5530a000 	C:\WINDOWS\System32\bcryptPrimitives.dll
0x00007ffa3b460000 - 0x00007ffa3b485000 	C:\Users\susli\AppData\Local\Programs\Android Studio\jbr\bin\java.dll

dbghelp: loaded successfully - version: 4.0.5 - missing functions: none
symbol engine: initialized successfully - sym options: 0x614 - pdb path: .;C:\Users\susli\AppData\Local\Programs\Android Studio\jbr\bin;C:\WINDOWS\SYSTEM32;C:\WINDOWS\WinSxS\amd64_microsoft.windows.common-controls_6595b64144ccf1df_6.0.22621.3235_none_270f74e173860f98;C:\Users\susli\AppData\Local\Programs\Android Studio\jbr\bin\server

VM Arguments:
java_command: org.jetbrains.kotlin.cli.jvm.K2JVMCompiler @C:\Users\susli\AndroidStudioProjects\EnglishTest2\app\build\20240402_6827895269273707141.compiler.options
java_class_path (initial): C:\Users\susli\.gradle\caches\modules-2\files-2.1\org.jetbrains.kotlin\kotlin-compiler-embeddable\1.9.0\2c8c3a7402becca891f12739b3e9fd2dc2adbd7a\kotlin-compiler-embeddable-1.9.0.jar;C:\Users\susli\.gradle\caches\modules-2\files-2.1\org.jetbrains.kotlin\kotlin-stdlib\1.9.0\8ee15ef0c67dc83d874f412d84378d7f0eb50b63\kotlin-stdlib-1.9.0.jar;C:\Users\susli\.gradle\caches\modules-2\files-2.1\org.jetbrains.kotlin\kotlin-script-runtime\1.9.0\4b3102cbbb7e1b58d9d1adf89563f00069ffa7d1\kotlin-script-runtime-1.9.0.jar;C:\Users\susli\.gradle\caches\modules-2\files-2.1\org.jetbrains.kotlin\kotlin-reflect\1.6.10\1cbe9c92c12a94eea200d23c2bbaedaf3daf5132\kotlin-reflect-1.6.10.jar;C:\Users\susli\.gradle\caches\modules-2\files-2.1\org.jetbrains.kotlin\kotlin-daemon-embeddable\1.9.0\186543f5e28cf8d9a0290fecc2cf34301c40a65c\kotlin-daemon-embeddable-1.9.0.jar;C:\Users\susli\.gradle\caches\modules-2\files-2.1\org.jetbrains.intellij.deps\trove4j\1.0.20200330\3afb14d5f9ceb459d724e907a21145e8ff394f02\trove4j-1.0.20200330.jar;C:\Users\susli\.gradle\caches\modules-2\files-2.1\org.jetbrains.kotlin\kotlin-stdlib-common\1.9.0\cd65c21cfd1eec4d44ef09f9f52b6d9f8a720636\kotlin-stdlib-common-1.9.0.jar;C:\Users\susli\.gradle\caches\modules-2\files-2.1\org.jetbrains\annotations\13.0\919f0dfe192fb4e063e7dacadee7f8bb9a2672a9\annotations-13.0.jar
Launcher Type: SUN_STANDARD

[Global flags]
     intx CICompilerCount                          = 4                                         {product} {ergonomic}
     uint ConcGCThreads                            = 2                                         {product} {ergonomic}
     uint G1ConcRefinementThreads                  = 8                                         {product} {ergonomic}
   size_t G1HeapRegionSize                         = 1048576                                   {product} {ergonomic}
    uintx GCDrainStackTargetSize                   = 64                                        {product} {ergonomic}
   size_t InitialHeapSize                          = 117440512                                 {product} {ergonomic}
   size_t MarkStackSize                            = 4194304                                   {product} {ergonomic}
   size_t MaxHeapSize                              = 1862270976                                {product} {ergonomic}
   size_t MinHeapDeltaBytes                        = 1048576                                   {product} {ergonomic}
   size_t MinHeapSize                              = 8388608                                   {product} {ergonomic}
    uintx NonNMethodCodeHeapSize                   = 5839372                                {pd product} {ergonomic}
    uintx NonProfiledCodeHeapSize                  = 122909434                              {pd product} {ergonomic}
    uintx ProfiledCodeHeapSize                     = 122909434                              {pd product} {ergonomic}
    uintx ReservedCodeCacheSize                    = 251658240                              {pd product} {ergonomic}
     bool SegmentedCodeCache                       = true                                      {product} {ergonomic}
   size_t SoftMaxHeapSize                          = 1862270976                             {manageable} {ergonomic}
     bool UseCompressedClassPointers               = true                           {product lp64_product} {ergonomic}
     bool UseCompressedOops                        = true                           {product lp64_product} {ergonomic}
     bool UseG1GC                                  = true                                      {product} {ergonomic}
     bool UseLargePagesIndividualAllocation        = false                                  {pd product} {ergonomic}

Logging:
Log output configuration:
 #0: stdout all=warning uptime,level,tags
 #1: stderr all=off uptime,level,tags

Environment Variables:
PATH=C:\Program Files\Common Files\Oracle\Java\javapath;C:\Python38-64\Scripts\;C:\Python38-64\;C:\Python38\Scripts\;C:\Python38\;C:\ProgramData\Oracle\Java\javapath;C:\WINDOWS\system32;C:\WINDOWS;C:\WINDOWS\System32\Wbem;C:\WINDOWS\System32\WindowsPowerShell\v1.0\;C:\WINDOWS\System32\OpenSSH\;C:\Program Files\Git\cmd;C:\Users\susli\AppData\Local\Microsoft\WindowsApps;C:\Program Files\JetBrains\PyCharm Community Edition 2022.1.1\bin;C:\Users\susli\AppData\Local\JetBrains\Toolbox\scripts
USERNAME=susli
OS=Windows_NT
PROCESSOR_IDENTIFIER=AMD64 Family 23 Model 24 Stepping 1, AuthenticAMD
TMP=C:\Users\susli\AppData\Local\Temp
TEMP=C:\Users\susli\AppData\Local\Temp



Periodic native trim disabled

JNI global refs:
JNI global refs: 0, weak refs: 0

JNI global refs memory usage: 0, weak refs: 0

OOME stack traces (most recent first):
Classloader memory used:


---------------  S Y S T E M  ---------------

OS:
 Windows 11 , 64 bit Build 22621 (10.0.22621.3235)
OS uptime: 3 days 3:08 hours

CPU: total 8 (initial active 8) (8 cores per cpu, 2 threads per core) family 23 model 24 stepping 1 microcode 0x0, cx8, cmov, fxsr, ht, mmx, 3dnowpref, sse, sse2, sse3, ssse3, sse4a, sse4.1, sse4.2, popcnt, lzcnt, tsc, tscinvbit, avx, avx2, aes, clmul, bmi1, bmi2, adx, sha, fma, vzeroupper, clflush, clflushopt
Processor Information for all 8 processors :
  Max Mhz: 2100, Current Mhz: 2100, Mhz Limit: 2100

Memory: 4k page, system-wide physical 7103M (458M free)
TotalPageFile size 20269M (AvailPageFile size 71M)
current process WorkingSet (physical memory assigned to process): 11M, peak: 11M
current process commit charge ("private bytes"): 60M, peak: 172M

vm_info: OpenJDK 64-Bit Server VM (17.0.9+0--11185874) for windows-amd64 JRE (17.0.9+0--11185874), built on Dec  6 2023 18:57:44 by "androidbuild" with MS VC++ 16.10 / 16.11 (VS2019)

END.
