#
# There is insufficient memory for the Java Runtime Environment to continue.
# Native memory allocation (mmap) failed to map 65536 bytes for Failed to commit metaspace.
# Possible reasons:
#   The system is out of physical RAM or swap space
#   The process is running with CompressedOops enabled, and the Java Heap may be blocking the growth of the native heap
# Possible solutions:
#   Reduce memory load on the system
#   Increase physical memory or swap space
#   Check if swap backing store is full
#   Decrease Java heap size (-Xmx/-Xms)
#   Decrease number of Java threads
#   Decrease Java thread stack sizes (-Xss)
#   Set larger code cache with -XX:ReservedCodeCacheSize=
#   JVM is running with Unscaled Compressed Oops mode in which the Java heap is
#     placed in the first 4GB address space. The Java Heap base address is the
#     maximum limit for the native heap growth. Please use -XX:HeapBaseMinAddress
#     to set the Java Heap base and to place the Java Heap above 4GB virtual address.
# This output file may be truncated or incomplete.
#
#  Out of Memory Error (virtualSpaceNode.cpp:110), pid=16528, tid=20440
#
# JRE version: OpenJDK Runtime Environment (17.0.9) (build 17.0.9+0--11185874)
# Java VM: OpenJDK 64-Bit Server VM (17.0.9+0--11185874, mixed mode, tiered, compressed oops, compressed class ptrs, g1 gc, windows-amd64)
# No core dump will be written. Minidumps are not enabled by default on client versions of Windows
#

---------------  S U M M A R Y ------------

Command Line: org.jetbrains.kotlin.cli.jvm.K2JVMCompiler @C:\Users\susli\AndroidStudioProjects\EnglishTest2\app\build\20240402_6218961405931986837.compiler.options

Host: AMD Ryzen 5 3500U with Radeon Vega Mobile Gfx  , 8 cores, 6G,  Windows 11 , 64 bit Build 22621 (10.0.22621.3235)
Time: Tue Apr  2 15:17:20 2024 RTZ 3 (s 11 , 64 bit Build 22621 (10.0.22621.3235) elapsed time: 0.504056 seconds (0d 0h 0m 0s)

---------------  T H R E A D  ---------------

Current thread (0x000002d1a70d8e90):  JavaThread "main" [_thread_in_vm, id=20440, stack(0x000000dcae200000,0x000000dcae300000)]

Stack: [0x000000dcae200000,0x000000dcae300000]
Native frames: (J=compiled Java code, j=interpreted, Vv=VM code, C=native code)
V  [jvm.dll+0x6886e9]
V  [jvm.dll+0x841e4a]
V  [jvm.dll+0x843a8e]
V  [jvm.dll+0x8440f3]
V  [jvm.dll+0x24c14f]
V  [jvm.dll+0x83ce2b]
V  [jvm.dll+0x62cae6]
V  [jvm.dll+0x62cb4a]
V  [jvm.dll+0x62f37a]
V  [jvm.dll+0x62d486]
V  [jvm.dll+0x24925c]
V  [jvm.dll+0x6dfeed]
V  [jvm.dll+0x6e092f]
V  [jvm.dll+0x379250]
V  [jvm.dll+0x378274]
V  [jvm.dll+0x378218]
V  [jvm.dll+0x38830a]
C  0x000002d1b32cb5bb

The last pc belongs to new (printed below).
Java frames: (J=compiled Java code, j=interpreted, Vv=VM code)
j  java.util.regex.Pattern$Start.<init>(Ljava/util/regex/Pattern$Node;)V+9 java.base@17.0.9
j  java.util.regex.Pattern.compile()V+326 java.base@17.0.9
j  java.util.regex.Pattern.<init>(Ljava/lang/String;I)V+108 java.base@17.0.9
j  java.util.regex.Pattern.compile(Ljava/lang/String;)Ljava/util/regex/Pattern;+6 java.base@17.0.9
j  kotlin.text.Regex.<init>(Ljava/lang/String;)V+8
j  kotlin.reflect.jvm.internal.KDeclarationContainerImpl.<clinit>()V+25
v  ~StubRoutines::call_stub
j  kotlin.reflect.jvm.internal.KClassCacheKt.getOrCreateKotlinClass(Ljava/lang/Class;)Lkotlin/reflect/jvm/internal/KClassImpl;+210
j  kotlin.reflect.jvm.internal.ReflectionFactoryImpl.getOrCreateKotlinClass(Ljava/lang/Class;)Lkotlin/reflect/KClass;+1
j  kotlin.jvm.internal.Reflection.getOrCreateKotlinClass(Ljava/lang/Class;)Lkotlin/reflect/KClass;+4
j  org.jetbrains.kotlin.cli.common.arguments.ParseCommandLineArgumentsKt.parsePreprocessedCommandLineArguments(Ljava/util/List;Lorg/jetbrains/kotlin/cli/common/arguments/CommonToolArguments;Lkotlin/Lazy;Z)V+4
j  org.jetbrains.kotlin.cli.common.arguments.ParseCommandLineArgumentsKt.parseCommandLineArguments(Ljava/util/List;Lorg/jetbrains/kotlin/cli/common/arguments/CommonToolArguments;Z)V+39
j  org.jetbrains.kotlin.cli.common.arguments.ParseCommandLineArgumentsKt.parseCommandLineArguments$default(Ljava/util/List;Lorg/jetbrains/kotlin/cli/common/arguments/CommonToolArguments;ZILjava/lang/Object;)V+11
j  org.jetbrains.kotlin.cli.common.CLITool.exec(Ljava/io/PrintStream;Lorg/jetbrains/kotlin/config/Services;Lorg/jetbrains/kotlin/cli/common/messages/MessageRenderer;[Ljava/lang/String;)Lorg/jetbrains/kotlin/cli/common/ExitCode;+41
j  org.jetbrains.kotlin.cli.common.CLITool.exec(Ljava/io/PrintStream;Lorg/jetbrains/kotlin/cli/common/messages/MessageRenderer;[Ljava/lang/String;)Lorg/jetbrains/kotlin/cli/common/ExitCode;+25
j  org.jetbrains.kotlin.cli.common.CLITool$Companion.doMainNoExit(Lorg/jetbrains/kotlin/cli/common/CLITool;[Ljava/lang/String;Lorg/jetbrains/kotlin/cli/common/messages/MessageRenderer;)Lorg/jetbrains/kotlin/cli/common/ExitCode;+39
j  org.jetbrains.kotlin.cli.common.CLITool$Companion.doMainNoExit$default(Lorg/jetbrains/kotlin/cli/common/CLITool$Companion;Lorg/jetbrains/kotlin/cli/common/CLITool;[Ljava/lang/String;Lorg/jetbrains/kotlin/cli/common/messages/MessageRenderer;ILjava/lang/Object;)Lorg/jetbrains/kotlin/cli/common/ExitCode;+16
j  org.jetbrains.kotlin.cli.common.CLITool$Companion.doMain(Lorg/jetbrains/kotlin/cli/common/CLITool;[Ljava/lang/String;)V+57
j  org.jetbrains.kotlin.cli.jvm.K2JVMCompiler$Companion.main([Ljava/lang/String;)V+20
j  org.jetbrains.kotlin.cli.jvm.K2JVMCompiler.main([Ljava/lang/String;)V+4
v  ~StubRoutines::call_stub
new  187 new  [0x000002d1b32cb420, 0x000002d1b32cb640]  544 bytes
[MachCode]
  0x000002d1b32cb420: 4883 ec08 | c5fa 1104 | 24eb 1f48 | 83ec 10c5 | fb11 0424 | eb14 4883 | ec10 4889 | 0424 48c7 
  0x000002d1b32cb440: 4424 0800 | 0000 00eb | 0150 410f | b755 010f | cac1 ea10 | 488b 4de8 | 488b 4908 | 488b 4908 
  0x000002d1b32cb460: 488b 4108 | 807c 1004 | 070f 85d6 | 0000 0066 | 8b54 d148 | 488b 4928 | 488b 4cd1 | 0851 80b9 
  0x000002d1b32cb480: 5b01 0000 | 040f 85b9 | 0000 008b | 5108 f7c2 | 0100 0000 | 0f85 aa00 | 0000 498b | 8708 0100 
  0x000002d1b32cb4a0: 0048 8d1c | 1049 3b9f | 1801 0000 | 0f87 9200 | 0000 4989 | 9f08 0100 | 00e9 0000 | 0000 4883 
  0x000002d1b32cb4c0: ea10 0f84 | 0f00 0000 | 33c9 c1ea | 0348 894c | d008 48ff | ca75 f648 | c700 0100 | 0000 5933 
  0x000002d1b32cb4e0: f689 700c | 48c1 e903 | 8948 0849 | ba3e 39a7 | 01fa 7f00 | 0041 803a | 000f 8440 | 0000 0050 
  0x000002d1b32cb500: 488b c848 | 83ec 20f7 | c40f 0000 | 000f 841a | 0000 0048 | 83ec 0849 | baf0 ec5c | 01fa 7f00 
  0x000002d1b32cb520: 0041 ffd2 | 4883 c408 | e90d 0000 | 0049 baf0 | ec5c 01fa | 7f00 0041 | ffd2 4883 | c420 58e9 
  0x000002d1b32cb540: cd00 0000 | 5948 8b55 | e848 8b52 | 0848 8b52 | 0845 0fb7 | 4501 410f | c841 c1e8 | 10e8 0500 
  0x000002d1b32cb560: 0000 e9aa | 0000 0048 | 8d44 2408 | 4c89 6dc0 | 498b cfc5 | f877 4989 | afa8 0200 | 0049 8987 
  0x000002d1b32cb580: 9802 0000 | 4883 ec20 | f7c4 0f00 | 0000 0f84 | 1a00 0000 | 4883 ec08 | 49ba 8082 | 2601 fa7f 
  0x000002d1b32cb5a0: 0000 41ff | d248 83c4 | 08e9 0d00 | 0000 49ba | 8082 2601 | fa7f 0000 | 41ff d248 | 83c4 2049 
  0x000002d1b32cb5c0: c787 9802 | 0000 0000 | 0000 49c7 | 87a8 0200 | 0000 0000 | 0049 c787 | a002 0000 | 0000 0000 
  0x000002d1b32cb5e0: c5f8 7749 | 817f 0800 | 0000 000f | 8405 0000 | 00e9 0a59 | feff 498b | 87f0 0200 | 0049 c787 
  0x000002d1b32cb600: f002 0000 | 0000 0000 | 4c8b 6dc0 | 4c8b 75c8 | c341 0fb6 | 5d03 4983 | c503 49ba | 409f a901 
  0x000002d1b32cb620: fa7f 0000 | 41ff 24da | 0000 0000 | 0000 0000 | 0000 0000 | 0000 0000 | 0000 0000 | 0000 0000 
[/MachCode]

---------------  P R O C E S S  ---------------

Threads class SMR info:
_java_thread_list=0x000002d1c291d140, length=13, elements={
0x000002d1a70d8e90, 0x000002d1c24d12e0, 0x000002d1c24d2160, 0x000002d1c27b2b80,
0x000002d1c27b3650, 0x000002d1c27b4020, 0x000002d1c27b48f0, 0x000002d1c27aab10,
0x000002d1c27adbd0, 0x000002d1c27c5b80, 0x000002d1c291ea40, 0x000002d1c2945350,
0x000002d1c296a3b0
}

Java Threads: ( => current thread )
=>0x000002d1a70d8e90 JavaThread "main" [_thread_in_vm, id=20440, stack(0x000000dcae200000,0x000000dcae300000)]
  0x000002d1c24d12e0 JavaThread "Reference Handler" daemon [_thread_blocked, id=12428, stack(0x000000dcae900000,0x000000dcaea00000)]
  0x000002d1c24d2160 JavaThread "Finalizer" daemon [_thread_blocked, id=11416, stack(0x000000dcaea00000,0x000000dcaeb00000)]
  0x000002d1c27b2b80 JavaThread "Signal Dispatcher" daemon [_thread_blocked, id=15816, stack(0x000000dcaeb00000,0x000000dcaec00000)]
  0x000002d1c27b3650 JavaThread "Attach Listener" daemon [_thread_blocked, id=21624, stack(0x000000dcaec00000,0x000000dcaed00000)]
  0x000002d1c27b4020 JavaThread "Service Thread" daemon [_thread_blocked, id=15912, stack(0x000000dcaed00000,0x000000dcaee00000)]
  0x000002d1c27b48f0 JavaThread "Monitor Deflation Thread" daemon [_thread_blocked, id=18440, stack(0x000000dcaee00000,0x000000dcaef00000)]
  0x000002d1c27aab10 JavaThread "C2 CompilerThread0" daemon [_thread_blocked, id=23168, stack(0x000000dcaef00000,0x000000dcaf000000)]
  0x000002d1c27adbd0 JavaThread "C1 CompilerThread0" daemon [_thread_in_vm, id=18588, stack(0x000000dcaf000000,0x000000dcaf100000)]
  0x000002d1c27c5b80 JavaThread "Sweeper thread" daemon [_thread_blocked, id=7484, stack(0x000000dcaf100000,0x000000dcaf200000)]
  0x000002d1c291ea40 JavaThread "Notification Thread" daemon [_thread_blocked, id=9044, stack(0x000000dcaf200000,0x000000dcaf300000)]
  0x000002d1c2945350 JavaThread "Common-Cleaner" daemon [_thread_blocked, id=14916, stack(0x000000dcaf400000,0x000000dcaf500000)]
  0x000002d1c296a3b0 JavaThread "C2 CompilerThread1" daemon [_thread_blocked, id=18628, stack(0x000000dcaf500000,0x000000dcaf600000)]

Other Threads:
  0x000002d1c24c99f0 VMThread "VM Thread" [stack: 0x000000dcae800000,0x000000dcae900000] [id=12548]
  0x000002d1c2823100 WatcherThread [stack: 0x000000dcaf300000,0x000000dcaf400000] [id=15748]
  0x000002d1a712e490 GCTaskThread "GC Thread#0" [stack: 0x000000dcae300000,0x000000dcae400000] [id=4224]
  0x000002d1a713e1f0 ConcurrentGCThread "G1 Main Marker" [stack: 0x000000dcae400000,0x000000dcae500000] [id=16640]
  0x000002d1a713ec10 ConcurrentGCThread "G1 Conc#0" [stack: 0x000000dcae500000,0x000000dcae600000] [id=4648]
  0x000002d1c23280e0 ConcurrentGCThread "G1 Refine#0" [stack: 0x000000dcae600000,0x000000dcae700000] [id=23376]
  0x000002d1c2328b10 ConcurrentGCThread "G1 Service" [stack: 0x000000dcae700000,0x000000dcae800000] [id=20484]

Threads with active compile tasks:
C1 CompilerThread0      543  292       3       java.lang.invoke.MethodType$ConcurrentWeakInternSet::expungeStaleElements (27 bytes)

VM state: not at safepoint (normal execution)

VM Mutex/Monitor currently owned by a thread:  ([mutex/lock_event])
[0x000002d1a70d26f0] Metaspace_lock - owner thread: 0x000002d1a70d8e90
[0x000002d1a70d3a00] MethodData_lock - owner thread: 0x000002d1c27adbd0

Heap address: 0x0000000091000000, size: 1776 MB, Compressed Oops mode: 32-bit

CDS archive(s) not mapped
Compressed class space mapped at: 0x0000000100000000-0x0000000140000000, reserved size: 1073741824
Narrow klass base: 0x0000000000000000, Narrow klass shift: 3, Narrow klass range: 0x140000000

GC Precious Log:
 CPUs: 8 total, 8 available
 Memory: 7103M
 Large Page Support: Disabled
 NUMA Support: Disabled
 Compressed Oops: Enabled (32-bit)
 Heap Region Size: 1M
 Heap Min Capacity: 8M
 Heap Initial Capacity: 112M
 Heap Max Capacity: 1776M
 Pre-touch: Disabled
 Parallel Workers: 8
 Concurrent Workers: 2
 Concurrent Refinement Workers: 8
 Periodic GC: Disabled

Heap:
 garbage-first heap   total 114688K, used 11264K [0x0000000091000000, 0x0000000100000000)
  region size 1024K, 8 young (8192K), 0 survivors (0K)
 Metaspace       used 8637K, committed 8768K, reserved 1114112K
  class space    used 672K, committed 768K, reserved 1048576K

Heap Regions: E=young(eden), S=young(survivor), O=old, HS=humongous(starts), HC=humongous(continues), CS=collection set, F=free, OA=open archive, CA=closed archive, TAMS=top-at-mark-start (previous, next)
|   0|0x0000000091000000, 0x0000000091100000, 0x0000000091100000|100%|HS|  |TAMS 0x0000000091000000, 0x0000000091000000| Complete 
|   1|0x0000000091100000, 0x0000000091200000, 0x0000000091200000|100%|HC|  |TAMS 0x0000000091100000, 0x0000000091100000| Complete 
|   2|0x0000000091200000, 0x0000000091300000, 0x0000000091300000|100%|HC|  |TAMS 0x0000000091200000, 0x0000000091200000| Complete 
|   3|0x0000000091300000, 0x0000000091400000, 0x0000000091400000|100%|HC|  |TAMS 0x0000000091300000, 0x0000000091300000| Complete 
|   4|0x0000000091400000, 0x0000000091500000, 0x0000000091500000|100%|HS|  |TAMS 0x0000000091400000, 0x0000000091400000| Complete 
|   5|0x0000000091500000, 0x0000000091500000, 0x0000000091600000|  0%| F|  |TAMS 0x0000000091500000, 0x0000000091500000| Untracked 
|   6|0x0000000091600000, 0x0000000091600000, 0x0000000091700000|  0%| F|  |TAMS 0x0000000091600000, 0x0000000091600000| Untracked 
|   7|0x0000000091700000, 0x0000000091700000, 0x0000000091800000|  0%| F|  |TAMS 0x0000000091700000, 0x0000000091700000| Untracked 
|   8|0x0000000091800000, 0x0000000091800000, 0x0000000091900000|  0%| F|  |TAMS 0x0000000091800000, 0x0000000091800000| Untracked 
|   9|0x0000000091900000, 0x0000000091900000, 0x0000000091a00000|  0%| F|  |TAMS 0x0000000091900000, 0x0000000091900000| Untracked 
|  10|0x0000000091a00000, 0x0000000091a00000, 0x0000000091b00000|  0%| F|  |TAMS 0x0000000091a00000, 0x0000000091a00000| Untracked 
|  11|0x0000000091b00000, 0x0000000091b00000, 0x0000000091c00000|  0%| F|  |TAMS 0x0000000091b00000, 0x0000000091b00000| Untracked 
|  12|0x0000000091c00000, 0x0000000091c00000, 0x0000000091d00000|  0%| F|  |TAMS 0x0000000091c00000, 0x0000000091c00000| Untracked 
|  13|0x0000000091d00000, 0x0000000091d00000, 0x0000000091e00000|  0%| F|  |TAMS 0x0000000091d00000, 0x0000000091d00000| Untracked 
|  14|0x0000000091e00000, 0x0000000091e00000, 0x0000000091f00000|  0%| F|  |TAMS 0x0000000091e00000, 0x0000000091e00000| Untracked 
|  15|0x0000000091f00000, 0x0000000091f00000, 0x0000000092000000|  0%| F|  |TAMS 0x0000000091f00000, 0x0000000091f00000| Untracked 
|  16|0x0000000092000000, 0x0000000092000000, 0x0000000092100000|  0%| F|  |TAMS 0x0000000092000000, 0x0000000092000000| Untracked 
|  17|0x0000000092100000, 0x0000000092100000, 0x0000000092200000|  0%| F|  |TAMS 0x0000000092100000, 0x0000000092100000| Untracked 
|  18|0x0000000092200000, 0x0000000092200000, 0x0000000092300000|  0%| F|  |TAMS 0x0000000092200000, 0x0000000092200000| Untracked 
|  19|0x0000000092300000, 0x0000000092300000, 0x0000000092400000|  0%| F|  |TAMS 0x0000000092300000, 0x0000000092300000| Untracked 
|  20|0x0000000092400000, 0x0000000092400000, 0x0000000092500000|  0%| F|  |TAMS 0x0000000092400000, 0x0000000092400000| Untracked 
|  21|0x0000000092500000, 0x0000000092500000, 0x0000000092600000|  0%| F|  |TAMS 0x0000000092500000, 0x0000000092500000| Untracked 
|  22|0x0000000092600000, 0x0000000092600000, 0x0000000092700000|  0%| F|  |TAMS 0x0000000092600000, 0x0000000092600000| Untracked 
|  23|0x0000000092700000, 0x0000000092700000, 0x0000000092800000|  0%| F|  |TAMS 0x0000000092700000, 0x0000000092700000| Untracked 
|  24|0x0000000092800000, 0x0000000092800000, 0x0000000092900000|  0%| F|  |TAMS 0x0000000092800000, 0x0000000092800000| Untracked 
|  25|0x0000000092900000, 0x0000000092900000, 0x0000000092a00000|  0%| F|  |TAMS 0x0000000092900000, 0x0000000092900000| Untracked 
|  26|0x0000000092a00000, 0x0000000092a00000, 0x0000000092b00000|  0%| F|  |TAMS 0x0000000092a00000, 0x0000000092a00000| Untracked 
|  27|0x0000000092b00000, 0x0000000092b00000, 0x0000000092c00000|  0%| F|  |TAMS 0x0000000092b00000, 0x0000000092b00000| Untracked 
|  28|0x0000000092c00000, 0x0000000092c00000, 0x0000000092d00000|  0%| F|  |TAMS 0x0000000092c00000, 0x0000000092c00000| Untracked 
|  29|0x0000000092d00000, 0x0000000092d00000, 0x0000000092e00000|  0%| F|  |TAMS 0x0000000092d00000, 0x0000000092d00000| Untracked 
|  30|0x0000000092e00000, 0x0000000092e00000, 0x0000000092f00000|  0%| F|  |TAMS 0x0000000092e00000, 0x0000000092e00000| Untracked 
|  31|0x0000000092f00000, 0x0000000092f00000, 0x0000000093000000|  0%| F|  |TAMS 0x0000000092f00000, 0x0000000092f00000| Untracked 
|  32|0x0000000093000000, 0x0000000093000000, 0x0000000093100000|  0%| F|  |TAMS 0x0000000093000000, 0x0000000093000000| Untracked 
|  33|0x0000000093100000, 0x0000000093100000, 0x0000000093200000|  0%| F|  |TAMS 0x0000000093100000, 0x0000000093100000| Untracked 
|  34|0x0000000093200000, 0x0000000093200000, 0x0000000093300000|  0%| F|  |TAMS 0x0000000093200000, 0x0000000093200000| Untracked 
|  35|0x0000000093300000, 0x0000000093300000, 0x0000000093400000|  0%| F|  |TAMS 0x0000000093300000, 0x0000000093300000| Untracked 
|  36|0x0000000093400000, 0x0000000093400000, 0x0000000093500000|  0%| F|  |TAMS 0x0000000093400000, 0x0000000093400000| Untracked 
|  37|0x0000000093500000, 0x0000000093500000, 0x0000000093600000|  0%| F|  |TAMS 0x0000000093500000, 0x0000000093500000| Untracked 
|  38|0x0000000093600000, 0x0000000093600000, 0x0000000093700000|  0%| F|  |TAMS 0x0000000093600000, 0x0000000093600000| Untracked 
|  39|0x0000000093700000, 0x0000000093700000, 0x0000000093800000|  0%| F|  |TAMS 0x0000000093700000, 0x0000000093700000| Untracked 
|  40|0x0000000093800000, 0x0000000093800000, 0x0000000093900000|  0%| F|  |TAMS 0x0000000093800000, 0x0000000093800000| Untracked 
|  41|0x0000000093900000, 0x0000000093900000, 0x0000000093a00000|  0%| F|  |TAMS 0x0000000093900000, 0x0000000093900000| Untracked 
|  42|0x0000000093a00000, 0x0000000093a00000, 0x0000000093b00000|  0%| F|  |TAMS 0x0000000093a00000, 0x0000000093a00000| Untracked 
|  43|0x0000000093b00000, 0x0000000093b00000, 0x0000000093c00000|  0%| F|  |TAMS 0x0000000093b00000, 0x0000000093b00000| Untracked 
|  44|0x0000000093c00000, 0x0000000093c00000, 0x0000000093d00000|  0%| F|  |TAMS 0x0000000093c00000, 0x0000000093c00000| Untracked 
|  45|0x0000000093d00000, 0x0000000093d00000, 0x0000000093e00000|  0%| F|  |TAMS 0x0000000093d00000, 0x0000000093d00000| Untracked 
|  46|0x0000000093e00000, 0x0000000093e00000, 0x0000000093f00000|  0%| F|  |TAMS 0x0000000093e00000, 0x0000000093e00000| Untracked 
|  47|0x0000000093f00000, 0x0000000093f00000, 0x0000000094000000|  0%| F|  |TAMS 0x0000000093f00000, 0x0000000093f00000| Untracked 
|  48|0x0000000094000000, 0x0000000094000000, 0x0000000094100000|  0%| F|  |TAMS 0x0000000094000000, 0x0000000094000000| Untracked 
|  49|0x0000000094100000, 0x0000000094100000, 0x0000000094200000|  0%| F|  |TAMS 0x0000000094100000, 0x0000000094100000| Untracked 
|  50|0x0000000094200000, 0x0000000094200000, 0x0000000094300000|  0%| F|  |TAMS 0x0000000094200000, 0x0000000094200000| Untracked 
|  51|0x0000000094300000, 0x0000000094300000, 0x0000000094400000|  0%| F|  |TAMS 0x0000000094300000, 0x0000000094300000| Untracked 
|  52|0x0000000094400000, 0x0000000094400000, 0x0000000094500000|  0%| F|  |TAMS 0x0000000094400000, 0x0000000094400000| Untracked 
|  53|0x0000000094500000, 0x0000000094500000, 0x0000000094600000|  0%| F|  |TAMS 0x0000000094500000, 0x0000000094500000| Untracked 
|  54|0x0000000094600000, 0x0000000094600000, 0x0000000094700000|  0%| F|  |TAMS 0x0000000094600000, 0x0000000094600000| Untracked 
|  55|0x0000000094700000, 0x0000000094700000, 0x0000000094800000|  0%| F|  |TAMS 0x0000000094700000, 0x0000000094700000| Untracked 
|  56|0x0000000094800000, 0x0000000094800000, 0x0000000094900000|  0%| F|  |TAMS 0x0000000094800000, 0x0000000094800000| Untracked 
|  57|0x0000000094900000, 0x0000000094900000, 0x0000000094a00000|  0%| F|  |TAMS 0x0000000094900000, 0x0000000094900000| Untracked 
|  58|0x0000000094a00000, 0x0000000094a00000, 0x0000000094b00000|  0%| F|  |TAMS 0x0000000094a00000, 0x0000000094a00000| Untracked 
|  59|0x0000000094b00000, 0x0000000094b00000, 0x0000000094c00000|  0%| F|  |TAMS 0x0000000094b00000, 0x0000000094b00000| Untracked 
|  60|0x0000000094c00000, 0x0000000094c00000, 0x0000000094d00000|  0%| F|  |TAMS 0x0000000094c00000, 0x0000000094c00000| Untracked 
|  61|0x0000000094d00000, 0x0000000094d00000, 0x0000000094e00000|  0%| F|  |TAMS 0x0000000094d00000, 0x0000000094d00000| Untracked 
|  62|0x0000000094e00000, 0x0000000094e00000, 0x0000000094f00000|  0%| F|  |TAMS 0x0000000094e00000, 0x0000000094e00000| Untracked 
|  63|0x0000000094f00000, 0x0000000094f00000, 0x0000000095000000|  0%| F|  |TAMS 0x0000000094f00000, 0x0000000094f00000| Untracked 
|  64|0x0000000095000000, 0x0000000095000000, 0x0000000095100000|  0%| F|  |TAMS 0x0000000095000000, 0x0000000095000000| Untracked 
|  65|0x0000000095100000, 0x0000000095100000, 0x0000000095200000|  0%| F|  |TAMS 0x0000000095100000, 0x0000000095100000| Untracked 
|  66|0x0000000095200000, 0x0000000095200000, 0x0000000095300000|  0%| F|  |TAMS 0x0000000095200000, 0x0000000095200000| Untracked 
|  67|0x0000000095300000, 0x0000000095300000, 0x0000000095400000|  0%| F|  |TAMS 0x0000000095300000, 0x0000000095300000| Untracked 
|  68|0x0000000095400000, 0x0000000095400000, 0x0000000095500000|  0%| F|  |TAMS 0x0000000095400000, 0x0000000095400000| Untracked 
|  69|0x0000000095500000, 0x0000000095500000, 0x0000000095600000|  0%| F|  |TAMS 0x0000000095500000, 0x0000000095500000| Untracked 
|  70|0x0000000095600000, 0x0000000095600000, 0x0000000095700000|  0%| F|  |TAMS 0x0000000095600000, 0x0000000095600000| Untracked 
|  71|0x0000000095700000, 0x0000000095700000, 0x0000000095800000|  0%| F|  |TAMS 0x0000000095700000, 0x0000000095700000| Untracked 
|  72|0x0000000095800000, 0x0000000095800000, 0x0000000095900000|  0%| F|  |TAMS 0x0000000095800000, 0x0000000095800000| Untracked 
|  73|0x0000000095900000, 0x0000000095900000, 0x0000000095a00000|  0%| F|  |TAMS 0x0000000095900000, 0x0000000095900000| Untracked 
|  74|0x0000000095a00000, 0x0000000095a00000, 0x0000000095b00000|  0%| F|  |TAMS 0x0000000095a00000, 0x0000000095a00000| Untracked 
|  75|0x0000000095b00000, 0x0000000095b00000, 0x0000000095c00000|  0%| F|  |TAMS 0x0000000095b00000, 0x0000000095b00000| Untracked 
|  76|0x0000000095c00000, 0x0000000095c00000, 0x0000000095d00000|  0%| F|  |TAMS 0x0000000095c00000, 0x0000000095c00000| Untracked 
|  77|0x0000000095d00000, 0x0000000095d00000, 0x0000000095e00000|  0%| F|  |TAMS 0x0000000095d00000, 0x0000000095d00000| Untracked 
|  78|0x0000000095e00000, 0x0000000095e00000, 0x0000000095f00000|  0%| F|  |TAMS 0x0000000095e00000, 0x0000000095e00000| Untracked 
|  79|0x0000000095f00000, 0x0000000095f00000, 0x0000000096000000|  0%| F|  |TAMS 0x0000000095f00000, 0x0000000095f00000| Untracked 
|  80|0x0000000096000000, 0x0000000096000000, 0x0000000096100000|  0%| F|  |TAMS 0x0000000096000000, 0x0000000096000000| Untracked 
|  81|0x0000000096100000, 0x0000000096100000, 0x0000000096200000|  0%| F|  |TAMS 0x0000000096100000, 0x0000000096100000| Untracked 
|  82|0x0000000096200000, 0x0000000096200000, 0x0000000096300000|  0%| F|  |TAMS 0x0000000096200000, 0x0000000096200000| Untracked 
|  83|0x0000000096300000, 0x0000000096300000, 0x0000000096400000|  0%| F|  |TAMS 0x0000000096300000, 0x0000000096300000| Untracked 
|  84|0x0000000096400000, 0x0000000096400000, 0x0000000096500000|  0%| F|  |TAMS 0x0000000096400000, 0x0000000096400000| Untracked 
|  85|0x0000000096500000, 0x0000000096500000, 0x0000000096600000|  0%| F|  |TAMS 0x0000000096500000, 0x0000000096500000| Untracked 
|  86|0x0000000096600000, 0x0000000096600000, 0x0000000096700000|  0%| F|  |TAMS 0x0000000096600000, 0x0000000096600000| Untracked 
|  87|0x0000000096700000, 0x0000000096700000, 0x0000000096800000|  0%| F|  |TAMS 0x0000000096700000, 0x0000000096700000| Untracked 
|  88|0x0000000096800000, 0x0000000096800000, 0x0000000096900000|  0%| F|  |TAMS 0x0000000096800000, 0x0000000096800000| Untracked 
|  89|0x0000000096900000, 0x0000000096900000, 0x0000000096a00000|  0%| F|  |TAMS 0x0000000096900000, 0x0000000096900000| Untracked 
|  90|0x0000000096a00000, 0x0000000096a00000, 0x0000000096b00000|  0%| F|  |TAMS 0x0000000096a00000, 0x0000000096a00000| Untracked 
|  91|0x0000000096b00000, 0x0000000096b00000, 0x0000000096c00000|  0%| F|  |TAMS 0x0000000096b00000, 0x0000000096b00000| Untracked 
|  92|0x0000000096c00000, 0x0000000096c00000, 0x0000000096d00000|  0%| F|  |TAMS 0x0000000096c00000, 0x0000000096c00000| Untracked 
|  93|0x0000000096d00000, 0x0000000096d00000, 0x0000000096e00000|  0%| F|  |TAMS 0x0000000096d00000, 0x0000000096d00000| Untracked 
|  94|0x0000000096e00000, 0x0000000096e00000, 0x0000000096f00000|  0%| F|  |TAMS 0x0000000096e00000, 0x0000000096e00000| Untracked 
|  95|0x0000000096f00000, 0x0000000096f00000, 0x0000000097000000|  0%| F|  |TAMS 0x0000000096f00000, 0x0000000096f00000| Untracked 
|  96|0x0000000097000000, 0x0000000097000000, 0x0000000097100000|  0%| F|  |TAMS 0x0000000097000000, 0x0000000097000000| Untracked 
|  97|0x0000000097100000, 0x0000000097100000, 0x0000000097200000|  0%| F|  |TAMS 0x0000000097100000, 0x0000000097100000| Untracked 
|  98|0x0000000097200000, 0x0000000097200000, 0x0000000097300000|  0%| F|  |TAMS 0x0000000097200000, 0x0000000097200000| Untracked 
|  99|0x0000000097300000, 0x0000000097300000, 0x0000000097400000|  0%| F|  |TAMS 0x0000000097300000, 0x0000000097300000| Untracked 
| 100|0x0000000097400000, 0x0000000097400000, 0x0000000097500000|  0%| F|  |TAMS 0x0000000097400000, 0x0000000097400000| Untracked 
| 101|0x0000000097500000, 0x0000000097500000, 0x0000000097600000|  0%| F|  |TAMS 0x0000000097500000, 0x0000000097500000| Untracked 
| 102|0x0000000097600000, 0x0000000097600000, 0x0000000097700000|  0%| F|  |TAMS 0x0000000097600000, 0x0000000097600000| Untracked 
| 103|0x0000000097700000, 0x0000000097700000, 0x0000000097800000|  0%| F|  |TAMS 0x0000000097700000, 0x0000000097700000| Untracked 
| 104|0x0000000097800000, 0x00000000978ed0f0, 0x0000000097900000| 92%| E|  |TAMS 0x0000000097800000, 0x0000000097800000| Complete 
| 105|0x0000000097900000, 0x0000000097a00000, 0x0000000097a00000|100%| E|CS|TAMS 0x0000000097900000, 0x0000000097900000| Complete 
| 106|0x0000000097a00000, 0x0000000097b00000, 0x0000000097b00000|100%| E|  |TAMS 0x0000000097a00000, 0x0000000097a00000| Complete 
| 107|0x0000000097b00000, 0x0000000097c00000, 0x0000000097c00000|100%| E|CS|TAMS 0x0000000097b00000, 0x0000000097b00000| Complete 
| 108|0x0000000097c00000, 0x0000000097d00000, 0x0000000097d00000|100%| E|CS|TAMS 0x0000000097c00000, 0x0000000097c00000| Complete 
| 109|0x0000000097d00000, 0x0000000097e00000, 0x0000000097e00000|100%| E|CS|TAMS 0x0000000097d00000, 0x0000000097d00000| Complete 
| 110|0x0000000097e00000, 0x0000000097f00000, 0x0000000097f00000|100%| E|CS|TAMS 0x0000000097e00000, 0x0000000097e00000| Complete 
| 111|0x0000000097f00000, 0x0000000098000000, 0x0000000098000000|100%| E|CS|TAMS 0x0000000097f00000, 0x0000000097f00000| Complete 

Card table byte_map: [0x000002d1bbb60000,0x000002d1bbee0000] _byte_map_base: 0x000002d1bb6d8000

Marking Bits (Prev, Next): (CMBitMap*) 0x000002d1a712fac0, (CMBitMap*) 0x000002d1a712fb00
 Prev Bits: [0x000002d1bc260000, 0x000002d1bde20000)
 Next Bits: [0x000002d1bde20000, 0x000002d1bf9e0000)

Polling page: 0x000002d1a6f80000

Metaspace:

Usage:
  Non-class:      7.78 MB used.
      Class:    672.81 KB used.
       Both:      8.43 MB used.

Virtual space:
  Non-class space:       64.00 MB reserved,       7.81 MB ( 12%) committed,  1 nodes.
      Class space:        1.00 GB reserved,     768.00 KB ( <1%) committed,  1 nodes.
             Both:        1.06 GB reserved,       8.56 MB ( <1%) committed. 

Chunk freelists:
   Non-Class:  7.66 MB
       Class:  15.17 MB
        Both:  22.83 MB

MaxMetaspaceSize: unlimited
CompressedClassSpaceSize: 1.00 GB
Initial GC threshold: 21.00 MB
Current GC threshold: 21.00 MB
CDS: off
MetaspaceReclaimPolicy: balanced
 - commit_granule_bytes: 65536.
 - commit_granule_words: 8192.
 - virtual_space_node_default_size: 8388608.
 - enlarge_chunks_in_place: 1.
 - new_chunks_are_fully_committed: 0.
 - uncommit_free_chunks: 1.
 - use_allocation_guard: 0.
 - handle_deallocations: 1.


Internal statistics:

num_allocs_failed_limit: 0.
num_arena_births: 6.
num_arena_deaths: 0.
num_vsnodes_births: 2.
num_vsnodes_deaths: 0.
num_space_committed: 137.
num_space_uncommitted: 0.
num_chunks_returned_to_freelist: 0.
num_chunks_taken_from_freelist: 89.
num_chunk_merges: 0.
num_chunk_splits: 68.
num_chunks_enlarged: 62.
num_inconsistent_stats: 0.

CodeHeap 'non-profiled nmethods': size=120000Kb used=92Kb max_used=92Kb free=119907Kb
 bounds [0x000002d1b3850000, 0x000002d1b3ac0000, 0x000002d1bad80000]
CodeHeap 'profiled nmethods': size=120000Kb used=385Kb max_used=385Kb free=119614Kb
 bounds [0x000002d1abd80000, 0x000002d1abff0000, 0x000002d1b32b0000]
CodeHeap 'non-nmethods': size=5760Kb used=1123Kb max_used=1138Kb free=4636Kb
 bounds [0x000002d1b32b0000, 0x000002d1b3520000, 0x000002d1b3850000]
 total_blobs=696 nmethods=292 adapters=317
 compilation: enabled
              stopped_count=0, restarted_count=0
 full_count=0

Compilation events (20 events):
Event: 0.488 Thread 0x000002d1c27adbd0 nmethod 277 0x000002d1abddb710 code [0x000002d1abddba00, 0x000002d1abddcaa8]
Event: 0.489 Thread 0x000002d1c296a3b0  278       4       java.lang.CharacterDataLatin1::toLowerCase (39 bytes)
Event: 0.490 Thread 0x000002d1c27adbd0  279       3       java.lang.String::toLowerCase (29 bytes)
Event: 0.490 Thread 0x000002d1c296a3b0 nmethod 278 0x000002d1b3865a90 code [0x000002d1b3865c00, 0x000002d1b3865cf8]
Event: 0.490 Thread 0x000002d1c27adbd0 nmethod 279 0x000002d1abddd490 code [0x000002d1abddd660, 0x000002d1abddd918]
Event: 0.494 Thread 0x000002d1c27adbd0  281       3       java.lang.ref.WeakReference::<init> (7 bytes)
Event: 0.495 Thread 0x000002d1c27adbd0 nmethod 281 0x000002d1abddda10 code [0x000002d1abdddbc0, 0x000002d1abddde98]
Event: 0.495 Thread 0x000002d1c27adbd0  282       3       java.util.zip.ZipUtils::CENSIZ (9 bytes)
Event: 0.495 Thread 0x000002d1c27adbd0 nmethod 282 0x000002d1abdddf90 code [0x000002d1abdde140, 0x000002d1abdde418]
Event: 0.496 Thread 0x000002d1c27adbd0  283       3       java.lang.String::toLowerCase (8 bytes)
Event: 0.496 Thread 0x000002d1c27adbd0 nmethod 283 0x000002d1abdde590 code [0x000002d1abdde760, 0x000002d1abddeaf8]
Event: 0.496 Thread 0x000002d1c27adbd0  284       3       java.util.Locale::getDefault (4 bytes)
Event: 0.496 Thread 0x000002d1c27adbd0 nmethod 284 0x000002d1abddec10 code [0x000002d1abddeda0, 0x000002d1abddee98]
Event: 0.499 Thread 0x000002d1c27adbd0  285       3       java.lang.invoke.MethodTypeForm::canonicalize (74 bytes)
Event: 0.499 Thread 0x000002d1c27adbd0 nmethod 285 0x000002d1abddef10 code [0x000002d1abddf140, 0x000002d1abddf838]
Event: 0.499 Thread 0x000002d1c27adbd0  287       3       java.lang.invoke.MemberName::testFlags (16 bytes)
Event: 0.499 Thread 0x000002d1c27adbd0 nmethod 287 0x000002d1abddfa90 code [0x000002d1abddfc20, 0x000002d1abddfd98]
Event: 0.500 Thread 0x000002d1c27adbd0  290       3       java.lang.invoke.MethodType::hashCode (53 bytes)
Event: 0.501 Thread 0x000002d1c27adbd0 nmethod 290 0x000002d1abddfe10 code [0x000002d1abddffc0, 0x000002d1abde0338]
Event: 0.501 Thread 0x000002d1c27adbd0  292       3       java.lang.invoke.MethodType$ConcurrentWeakInternSet::expungeStaleElements (27 bytes)

GC Heap History (0 events):
No events

Dll operation events (1 events):
Event: 0.016 Loaded shared library C:\Users\susli\AppData\Local\Programs\Android Studio\jbr\bin\java.dll

Deoptimization events (20 events):
Event: 0.209 Thread 0x000002d1a70d8e90 DEOPT PACKING pc=0x000002d1abd97c0c sp=0x000000dcae2fddf0
Event: 0.209 Thread 0x000002d1a70d8e90 DEOPT UNPACKING pc=0x000002d1b3307143 sp=0x000000dcae2fd280 mode 0
Event: 0.209 Thread 0x000002d1a70d8e90 DEOPT PACKING pc=0x000002d1abd97c0c sp=0x000000dcae2fddf0
Event: 0.209 Thread 0x000002d1a70d8e90 DEOPT UNPACKING pc=0x000002d1b3307143 sp=0x000000dcae2fd280 mode 0
Event: 0.209 Thread 0x000002d1a70d8e90 DEOPT PACKING pc=0x000002d1abd97c0c sp=0x000000dcae2fddf0
Event: 0.209 Thread 0x000002d1a70d8e90 DEOPT UNPACKING pc=0x000002d1b3307143 sp=0x000000dcae2fd280 mode 0
Event: 0.209 Thread 0x000002d1a70d8e90 DEOPT PACKING pc=0x000002d1abd97c0c sp=0x000000dcae2fddf0
Event: 0.209 Thread 0x000002d1a70d8e90 DEOPT UNPACKING pc=0x000002d1b3307143 sp=0x000000dcae2fd280 mode 0
Event: 0.209 Thread 0x000002d1a70d8e90 DEOPT PACKING pc=0x000002d1abd97c0c sp=0x000000dcae2fddf0
Event: 0.209 Thread 0x000002d1a70d8e90 DEOPT UNPACKING pc=0x000002d1b3307143 sp=0x000000dcae2fd280 mode 0
Event: 0.209 Thread 0x000002d1a70d8e90 DEOPT PACKING pc=0x000002d1abd97c0c sp=0x000000dcae2fddf0
Event: 0.209 Thread 0x000002d1a70d8e90 DEOPT UNPACKING pc=0x000002d1b3307143 sp=0x000000dcae2fd280 mode 0
Event: 0.308 Thread 0x000002d1a70d8e90 Uncommon trap: trap_request=0xffffff45 fr.pc=0x000002d1b3855d7c relative=0x000000000000069c
Event: 0.308 Thread 0x000002d1a70d8e90 Uncommon trap: reason=unstable_if action=reinterpret pc=0x000002d1b3855d7c method=java.util.zip.ZipFile$Source.checkAndAddEntry(II)I @ 50 c2
Event: 0.308 Thread 0x000002d1a70d8e90 DEOPT PACKING pc=0x000002d1b3855d7c sp=0x000000dcae2fe9e0
Event: 0.308 Thread 0x000002d1a70d8e90 DEOPT UNPACKING pc=0x000002d1b33069a3 sp=0x000000dcae2fe950 mode 2
Event: 0.419 Thread 0x000002d1a70d8e90 DEOPT PACKING pc=0x000002d1abd95f67 sp=0x000000dcae2fe6b0
Event: 0.419 Thread 0x000002d1a70d8e90 DEOPT UNPACKING pc=0x000002d1b3307143 sp=0x000000dcae2fdad0 mode 0
Event: 0.468 Thread 0x000002d1a70d8e90 DEOPT PACKING pc=0x000002d1abd952d1 sp=0x000000dcae2fdf80
Event: 0.468 Thread 0x000002d1a70d8e90 DEOPT UNPACKING pc=0x000002d1b3307143 sp=0x000000dcae2fd3f8 mode 0

Classes unloaded (0 events):
No events

Classes redefined (0 events):
No events

Internal exceptions (0 events):
No events

VM Operations (2 events):
Event: 0.231 Executing VM operation: HandshakeAllThreads
Event: 0.231 Executing VM operation: HandshakeAllThreads done

Events (20 events):
Event: 0.499 loading class java/util/regex/Pattern$CharPredicate done
Event: 0.499 loading class java/util/regex/Pattern$BmpCharPredicate done
Event: 0.499 loading class java/util/regex/Pattern$BmpCharProperty
Event: 0.499 loading class java/util/regex/Pattern$CharProperty
Event: 0.499 loading class java/util/regex/Pattern$CharProperty done
Event: 0.499 loading class java/util/regex/Pattern$BmpCharProperty done
Event: 0.499 loading class java/util/regex/Pattern$Qtype
Event: 0.500 loading class java/util/regex/Pattern$Qtype done
Event: 0.500 loading class java/util/regex/Pattern$BmpCharPropertyGreedy
Event: 0.500 loading class java/util/regex/Pattern$CharPropertyGreedy
Event: 0.500 loading class java/util/regex/Pattern$CharPropertyGreedy done
Event: 0.500 loading class java/util/regex/Pattern$BmpCharPropertyGreedy done
Event: 0.500 loading class java/lang/invoke/DirectMethodHandle$Constructor
Event: 0.501 loading class java/lang/invoke/DirectMethodHandle$Constructor done
Event: 0.501 loading class java/util/regex/Pattern$BnM
Event: 0.501 loading class java/util/regex/Pattern$BnM done
Event: 0.501 loading class java/util/regex/Pattern$Start
Event: 0.501 loading class java/util/regex/Pattern$Start done
Event: 0.501 loading class java/util/regex/Pattern$TreeInfo
Event: 0.501 loading class java/util/regex/Pattern$TreeInfo done


Dynamic libraries:
0x00007ff6a46d0000 - 0x00007ff6a46da000 	C:\Users\susli\AppData\Local\Programs\Android Studio\jbr\bin\java.exe
0x00007ffa575f0000 - 0x00007ffa57806000 	C:\WINDOWS\SYSTEM32\ntdll.dll
0x00007ffa56af0000 - 0x00007ffa56bb4000 	C:\WINDOWS\System32\KERNEL32.DLL
0x00007ffa54cf0000 - 0x00007ffa55096000 	C:\WINDOWS\System32\KERNELBASE.dll
0x00007ffa54930000 - 0x00007ffa54a41000 	C:\WINDOWS\System32\ucrtbase.dll
0x00007ffa339f0000 - 0x00007ffa33a07000 	C:\Users\susli\AppData\Local\Programs\Android Studio\jbr\bin\jli.dll
0x00007ffa55ea0000 - 0x00007ffa5604d000 	C:\WINDOWS\System32\USER32.dll
0x00007ffa55310000 - 0x00007ffa55336000 	C:\WINDOWS\System32\win32u.dll
0x00007ffa55510000 - 0x00007ffa55539000 	C:\WINDOWS\System32\GDI32.dll
0x00007ffa55170000 - 0x00007ffa55288000 	C:\WINDOWS\System32\gdi32full.dll
0x00007ffa550a0000 - 0x00007ffa5513a000 	C:\WINDOWS\System32\msvcp_win.dll
0x00007ffa4d900000 - 0x00007ffa4d91b000 	C:\Users\susli\AppData\Local\Programs\Android Studio\jbr\bin\VCRUNTIME140.dll
0x00007ffa45160000 - 0x00007ffa453f3000 	C:\WINDOWS\WinSxS\amd64_microsoft.windows.common-controls_6595b64144ccf1df_6.0.22621.3235_none_270f74e173860f98\COMCTL32.dll
0x00007ffa55460000 - 0x00007ffa55507000 	C:\WINDOWS\System32\msvcrt.dll
0x00007ffa55dd0000 - 0x00007ffa55e01000 	C:\WINDOWS\System32\IMM32.DLL
0x00007ffa4efb0000 - 0x00007ffa4efbc000 	C:\Users\susli\AppData\Local\Programs\Android Studio\jbr\bin\vcruntime140_1.dll
0x00007ffa15a10000 - 0x00007ffa15a9d000 	C:\Users\susli\AppData\Local\Programs\Android Studio\jbr\bin\msvcp140.dll
0x00007ffa00ee0000 - 0x00007ffa01b63000 	C:\Users\susli\AppData\Local\Programs\Android Studio\jbr\bin\server\jvm.dll
0x00007ffa55610000 - 0x00007ffa556c2000 	C:\WINDOWS\System32\ADVAPI32.dll
0x00007ffa57420000 - 0x00007ffa574c8000 	C:\WINDOWS\System32\sechost.dll
0x00007ffa55140000 - 0x00007ffa55168000 	C:\WINDOWS\System32\bcrypt.dll
0x00007ffa556d0000 - 0x00007ffa557e5000 	C:\WINDOWS\System32\RPCRT4.dll
0x00007ffa54800000 - 0x00007ffa5484d000 	C:\WINDOWS\SYSTEM32\POWRPROF.dll
0x00007ffa39d00000 - 0x00007ffa39d09000 	C:\WINDOWS\SYSTEM32\WSOCK32.dll
0x00007ffa56a70000 - 0x00007ffa56ae1000 	C:\WINDOWS\System32\WS2_32.dll
0x00007ffa4eff0000 - 0x00007ffa4f024000 	C:\WINDOWS\SYSTEM32\WINMM.dll
0x00007ffa4a2f0000 - 0x00007ffa4a2fa000 	C:\WINDOWS\SYSTEM32\VERSION.dll
0x00007ffa547e0000 - 0x00007ffa547f3000 	C:\WINDOWS\SYSTEM32\UMPDC.dll
0x00007ffa53910000 - 0x00007ffa53928000 	C:\WINDOWS\SYSTEM32\kernel.appcore.dll
0x00007ffa49170000 - 0x00007ffa4917a000 	C:\Users\susli\AppData\Local\Programs\Android Studio\jbr\bin\jimage.dll
0x00007ffa52310000 - 0x00007ffa52543000 	C:\WINDOWS\SYSTEM32\DBGHELP.DLL
0x00007ffa56fe0000 - 0x00007ffa57368000 	C:\WINDOWS\System32\combase.dll
0x00007ffa574d0000 - 0x00007ffa575a7000 	C:\WINDOWS\System32\OLEAUT32.dll
0x00007ffa3c210000 - 0x00007ffa3c242000 	C:\WINDOWS\SYSTEM32\dbgcore.DLL
0x00007ffa55290000 - 0x00007ffa5530a000 	C:\WINDOWS\System32\bcryptPrimitives.dll
0x00007ffa3b460000 - 0x00007ffa3b485000 	C:\Users\susli\AppData\Local\Programs\Android Studio\jbr\bin\java.dll
0x00007ffa40e40000 - 0x00007ffa40e58000 	C:\Users\susli\AppData\Local\Programs\Android Studio\jbr\bin\zip.dll
0x00007ffa560b0000 - 0x00007ffa5690d000 	C:\WINDOWS\System32\SHELL32.dll
0x00007ffa52890000 - 0x00007ffa53188000 	C:\WINDOWS\SYSTEM32\windows.storage.dll
0x00007ffa52750000 - 0x00007ffa5288e000 	C:\WINDOWS\SYSTEM32\wintypes.dll
0x00007ffa56910000 - 0x00007ffa56a03000 	C:\WINDOWS\System32\SHCORE.dll
0x00007ffa56f80000 - 0x00007ffa56fde000 	C:\WINDOWS\System32\shlwapi.dll
0x00007ffa54860000 - 0x00007ffa54886000 	C:\WINDOWS\SYSTEM32\profapi.dll
0x00007ffa3f400000 - 0x00007ffa3f419000 	C:\Users\susli\AppData\Local\Programs\Android Studio\jbr\bin\net.dll
0x00007ffa4c430000 - 0x00007ffa4c567000 	C:\WINDOWS\SYSTEM32\WINHTTP.dll
0x00007ffa53df0000 - 0x00007ffa53e59000 	C:\WINDOWS\system32\mswsock.dll
0x00007ffa368a0000 - 0x00007ffa368b6000 	C:\Users\susli\AppData\Local\Programs\Android Studio\jbr\bin\nio.dll

dbghelp: loaded successfully - version: 4.0.5 - missing functions: none
symbol engine: initialized successfully - sym options: 0x614 - pdb path: .;C:\Users\susli\AppData\Local\Programs\Android Studio\jbr\bin;C:\WINDOWS\SYSTEM32;C:\WINDOWS\WinSxS\amd64_microsoft.windows.common-controls_6595b64144ccf1df_6.0.22621.3235_none_270f74e173860f98;C:\Users\susli\AppData\Local\Programs\Android Studio\jbr\bin\server

VM Arguments:
java_command: org.jetbrains.kotlin.cli.jvm.K2JVMCompiler @C:\Users\susli\AndroidStudioProjects\EnglishTest2\app\build\20240402_6218961405931986837.compiler.options
java_class_path (initial): C:\Users\susli\.gradle\caches\modules-2\files-2.1\org.jetbrains.kotlin\kotlin-compiler-embeddable\1.9.0\2c8c3a7402becca891f12739b3e9fd2dc2adbd7a\kotlin-compiler-embeddable-1.9.0.jar;C:\Users\susli\.gradle\caches\modules-2\files-2.1\org.jetbrains.kotlin\kotlin-stdlib\1.9.0\8ee15ef0c67dc83d874f412d84378d7f0eb50b63\kotlin-stdlib-1.9.0.jar;C:\Users\susli\.gradle\caches\modules-2\files-2.1\org.jetbrains.kotlin\kotlin-script-runtime\1.9.0\4b3102cbbb7e1b58d9d1adf89563f00069ffa7d1\kotlin-script-runtime-1.9.0.jar;C:\Users\susli\.gradle\caches\modules-2\files-2.1\org.jetbrains.kotlin\kotlin-reflect\1.6.10\1cbe9c92c12a94eea200d23c2bbaedaf3daf5132\kotlin-reflect-1.6.10.jar;C:\Users\susli\.gradle\caches\modules-2\files-2.1\org.jetbrains.kotlin\kotlin-daemon-embeddable\1.9.0\186543f5e28cf8d9a0290fecc2cf34301c40a65c\kotlin-daemon-embeddable-1.9.0.jar;C:\Users\susli\.gradle\caches\modules-2\files-2.1\org.jetbrains.intellij.deps\trove4j\1.0.20200330\3afb14d5f9ceb459d724e907a21145e8ff394f02\trove4j-1.0.20200330.jar;C:\Users\susli\.gradle\caches\modules-2\files-2.1\org.jetbrains.kotlin\kotlin-stdlib-common\1.9.0\cd65c21cfd1eec4d44ef09f9f52b6d9f8a720636\kotlin-stdlib-common-1.9.0.jar;C:\Users\susli\.gradle\caches\modules-2\files-2.1\org.jetbrains\annotations\13.0\919f0dfe192fb4e063e7dacadee7f8bb9a2672a9\annotations-13.0.jar
Launcher Type: SUN_STANDARD

[Global flags]
     intx CICompilerCount                          = 4                                         {product} {ergonomic}
     uint ConcGCThreads                            = 2                                         {product} {ergonomic}
     uint G1ConcRefinementThreads                  = 8                                         {product} {ergonomic}
   size_t G1HeapRegionSize                         = 1048576                                   {product} {ergonomic}
    uintx GCDrainStackTargetSize                   = 64                                        {product} {ergonomic}
   size_t InitialHeapSize                          = 117440512                                 {product} {ergonomic}
   size_t MarkStackSize                            = 4194304                                   {product} {ergonomic}
   size_t MaxHeapSize                              = 1862270976                                {product} {ergonomic}
   size_t MaxNewSize                               = 1116733440                                {product} {ergonomic}
   size_t MinHeapDeltaBytes                        = 1048576                                   {product} {ergonomic}
   size_t MinHeapSize                              = 8388608                                   {product} {ergonomic}
    uintx NonNMethodCodeHeapSize                   = 5839372                                {pd product} {ergonomic}
    uintx NonProfiledCodeHeapSize                  = 122909434                              {pd product} {ergonomic}
    uintx ProfiledCodeHeapSize                     = 122909434                              {pd product} {ergonomic}
    uintx ReservedCodeCacheSize                    = 251658240                              {pd product} {ergonomic}
     bool SegmentedCodeCache                       = true                                      {product} {ergonomic}
   size_t SoftMaxHeapSize                          = 1862270976                             {manageable} {ergonomic}
     bool UseCompressedClassPointers               = true                           {product lp64_product} {ergonomic}
     bool UseCompressedOops                        = true                           {product lp64_product} {ergonomic}
     bool UseG1GC                                  = true                                      {product} {ergonomic}
     bool UseLargePagesIndividualAllocation        = false                                  {pd product} {ergonomic}

Logging:
Log output configuration:
 #0: stdout all=warning uptime,level,tags
 #1: stderr all=off uptime,level,tags

Environment Variables:
PATH=C:\Program Files\Common Files\Oracle\Java\javapath;C:\Python38-64\Scripts\;C:\Python38-64\;C:\Python38\Scripts\;C:\Python38\;C:\ProgramData\Oracle\Java\javapath;C:\WINDOWS\system32;C:\WINDOWS;C:\WINDOWS\System32\Wbem;C:\WINDOWS\System32\WindowsPowerShell\v1.0\;C:\WINDOWS\System32\OpenSSH\;C:\Program Files\Git\cmd;C:\Users\susli\AppData\Local\Microsoft\WindowsApps;C:\Program Files\JetBrains\PyCharm Community Edition 2022.1.1\bin;C:\Users\susli\AppData\Local\JetBrains\Toolbox\scripts
USERNAME=susli
OS=Windows_NT
PROCESSOR_IDENTIFIER=AMD64 Family 23 Model 24 Stepping 1, AuthenticAMD
TMP=C:\Users\susli\AppData\Local\Temp
TEMP=C:\Users\susli\AppData\Local\Temp



Periodic native trim disabled

JNI global refs:
JNI global refs: 9, weak refs: 0

JNI global refs memory usage: 843, weak refs: 841

OOME stack traces (most recent first):
Classloader memory used:
Loader bootstrap                                                                       : 829K
Loader jdk.internal.loader.ClassLoaders$AppClassLoader                                 : 250K


---------------  S Y S T E M  ---------------

OS:
 Windows 11 , 64 bit Build 22621 (10.0.22621.3235)
OS uptime: 3 days 2:58 hours

CPU: total 8 (initial active 8) (8 cores per cpu, 2 threads per core) family 23 model 24 stepping 1 microcode 0x0, cx8, cmov, fxsr, ht, mmx, 3dnowpref, sse, sse2, sse3, ssse3, sse4a, sse4.1, sse4.2, popcnt, lzcnt, tsc, tscinvbit, avx, avx2, aes, clmul, bmi1, bmi2, adx, sha, fma, vzeroupper, clflush, clflushopt
Processor Information for all 8 processors :
  Max Mhz: 2100, Current Mhz: 2100, Mhz Limit: 2100

Memory: 4k page, system-wide physical 7103M (377M free)
TotalPageFile size 20269M (AvailPageFile size 10M)
current process WorkingSet (physical memory assigned to process): 49M, peak: 49M
current process commit charge ("private bytes"): 193M, peak: 195M

vm_info: OpenJDK 64-Bit Server VM (17.0.9+0--11185874) for windows-amd64 JRE (17.0.9+0--11185874), built on Dec  6 2023 18:57:44 by "androidbuild" with MS VC++ 16.10 / 16.11 (VS2019)

END.
